-->25ccce83d0ae62bbf2d9ecbaf05c2297.uss:::http://www.cartridgesupplier.com/default.asp?ProductId=1659:::http://www.cartridgesupplier.com/default.asp?ProductId=1659
-->cb94a7005e8e26d6443adcdd6c00cdda.uss:::http://www.cb2.com/jump.aspx?c=11090&f=6766&bid=3819bid&t=shop&a=265&p=3819:::http://www.cb2.com/jump.aspx?c=11090&f=6766&bid=3819bid&t=shop&a=265&p=3819
-->cdedcdc63e8c693c82e4214b29c8f6be.uss:::http://store.casasolo.com/milk-coffee.html:::http://store.casasolo.com/milk-coffee.html
-->7b1b70712fd7b5756c77c177bcccd71b.uss:::http://www.cdanddvdstorage-store.com/a/11136304:::http://www.cdanddvdstorage-store.com/c/redirect?moveon=%2Fp%2Fventure-horizon-elegant-media-tower%3Futm_source%3DNexTag%26utm_medium%3DShopbots%26utm_term%3Dwww.cdanddvdstorage-store.com%26utm_campaign%3D11136304__venture_horizon_elegant_media_tower&server=www.cdanddvdstorage-store.com
-->589b5db1785f74eefae1d68072dcb604.uss:::http://www.cedina.com/babyliss-pro-ceramic-straightening-flat-iron-1-1-2-and-quot-bab2590.html:::http://www.cedina.com/babyliss-pro-ceramic-straightening-flat-iron-1-1-2-and-quot-bab2590.html
-->f0d2c2ef4b6544970a55180371e250a7.uss:::http://www.ceilocollections.com/index.php?main_page=product_info&products_id=784:::http://www.ceilocollections.com/index.php?main_page=product_info&products_id=784
-->68c822ef7116c0dc95cda13e7a50e64f.uss:::http://reviews.champssports.com/8006/160674/reviews.htm:::http://reviews.champssports.com/8006/160674/nike-nike-soccer-club-core-t-shirt-mens-reviews/reviews.htm
-->f96f240d6041b1bb3348e1e02d777d81.uss:::http://www.changingtables-store.com/a/12938782:::http://www.changingtables-store.com/c/redirect?moveon=%2Fp%2Fcotton-tale-paradise-musical-mobile-mobile%3Futm_source%3DNexTag%26utm_medium%3DShopbots%26utm_term%3Dwww.changingtables-store.com%26utm_campaign%3D12938782__cotton_tale_paradise_musical_mobile_mobile&server=www.changingtables-store.com
-->bd294ae40c4712d5eb721ba7568534e0.uss:::http://www.chest-store.com/a/11744236:::http://www.chest-store.com/c/redirect?moveon=%2Fp%2Fjasper-cabinet-tuscany-4-drawer-crescent-marble-top-accent-chest%3Futm_source%3DNexTag%26utm_medium%3DShopbots%26utm_term%3Dwww.chest-store.com%26utm_campaign%3D11744236__jasper_cabinet_tuscany_4_drawer_crescent_marble_top_accent_chest&server=www.chest-store.com
-->120fc29419902e4a1cff7dc433e342ef.uss:::http://www.citrus-juicers.com/a/138414:::http://www.citrus-juicers.com/c/redirect?moveon=%2Fp%2Fcecilware-oj38-citrus-juicer%3Futm_source%3DNexTag%26utm_medium%3DShopbots%26utm_term%3Dwww.citrus-juicers.com%26utm_campaign%3D138414__OJ38&server=www.citrus-juicers.com
-->1af549a019694682b79bd641da43db67.uss:::http://www.chickdowntown.com/detail.asp?bo_products_variance_id=109912&+accessories=:::http://www.chickdowntown.com/index.asp?d=0
-->6dc4d27d9d8479ad0f8e13235167bbac.uss:::http://www.cashmereboutique.com/Products/CSM9102:::http://www.cashmereboutique.com/Products/CSM9102
-->d19a8d8fb549a67618d3872bd8299927.uss:::http://www.cashmereheartland.com/womens-v-neck-cashmere-sweater-black.html:::http://www.cashmereheartland.com/womens-v-neck-cashmere-sweater-black.html
-->8d785f7193b945f136b109e19f850c81.uss:::http://www.castersonlinestore.com/products/10%252dInch-Recycled-Rubber-Universal-Semi%252dPneumatic-Hand-Truck-Tire.html:::http://www.castersonlinestore.com/products/10%252dInch-Recycled-Rubber-Universal-Semi%252dPneumatic-Hand-Truck-Tire.html
-->896f2989b8088f3fb9c06390a6a1411b.uss:::http://www.cdrom2go.com/product/color-cartridge-for-dymo-disc-painter_37_119.htm:::http://www.cdrom2go.com/product/dymo-1738252-disc-painter-color-ink-cartridge_37_119.htm
-->4ff624bcb710ae9efb8356dd8162a0dd.uss:::http://www.cellphoneslord.com/product/CPLJOYE510MREDL/5-Cartridge-Refills-For-Joye-510-Eelectronic-cigarette-M-Red-Low-Nicotine.html?metacpg=CPLJOYE510MREDL:::http://www.cellphoneslord.com/product/CPLJOYE510MREDL/5-Cartridge-Refills-For-Joye-510-Eelectronic-cigarette-M-Red-Low-Nicotine.html?metacpg=CPLJOYE510MREDL
-->95c19a0c8ea0be84083fca2cd56335f3.uss:::http://www.cheapercigars.com/product4918.html?gdftrk=gdfV2510_a_7c604_a_7c2260_a_7cwinebask815:::http://www.cheapercigars.com/product4918.html?gdftrk=gdfV2510_a_7c604_a_7c2260_a_7cwinebask815
-->a67aad0653c4b56c49c548ba7f0c45ac.uss:::http://www.cheappetstore.com/products_id/25629/:::http://www.cheappetstore.com/products_id/25629/
-->644f6765b0a65073e970fd4d2cb4a32e.uss:::http://www.CheapSk8Shoes.com/catalog/detail/VN-0HAV4D0:::http://www.CheapSk8Shoes.com/catalog/detail/VN-0HAV4D0
-->b9dfd9747c86f25b18d0bef52b6ae3b8.uss:::http://www.christophersgames.com/ccp21863-auburn-fireplace-screen-colau831.htm?thissku=COLAU831:::http://www.shopchristophers.com/ccp21863-auburn-fireplace-screen-colau831.htm?thissku=COLAU831
-->3c25c8a0d6e712471e3f56c41aed2bfd.uss:::http://www.classicreplacements.com/lenox-spice-garden-giftware-spice-jar-set-individual-jar-saffron.html:::http://www.classicreplacements.com/lenox-spice-garden-giftware-spice-jar-set-individual-jar-saffron.html
-->0e92b9c680db69300aa821ff2759fb5f.uss:::http://www.CleanerTODAY.com/Mold-Prevention-Kit-p/mold-prevention-kit.htm:::http://www.CleanerTODAY.com/Mold-Prevention-Kit-p/mold-prevention-kit.htm
-->44f0f54fb41f8b82dbe18a90183534ef.uss:::http://jandr.rdr.channelintelligence.com/go.asp?fVhzOGscCwgFBGZqE1FfSxUiFD8eFn4SagUEbWJeU0YxciINdzhhGU4BAgdqLl8fWUMRaxIVDwlxcXMcBgoDDyM6GxcbSQ5xUzQzfUdAHlNWMn0lMTsBTjpKIDADTFVVH0AtPQwGGAAeDk1LW1EgMAxkVg0EBWlmW1VfVWsMdywxIU5XDV5TJyYOBEUQSDdgfyc-RFdeRF47fVFNVxBNN1xPVkBsen13d2MVCm8IWlFZQxBuCQEX=&nAID=9324560:::http://www.jr.com/JRProductPage.process?Product_Id=4064464&JRSource=nextag.cii_9324560.22-195090901-2.ZES%20Z522010-BS
-->6a220098edc8682977f0422f8dd0f62a.uss:::http://shoetrader.rdr.channelintelligence.com/go.asp?fVhzOGNRAAQIASNiE1teQhZnWHFwLx8GTAIGbWVWH1sPXTZLNzRpAh1HR0BxIQcMDgdTP1tBTQogKz4CQlFXXT0nBg8PFlNxVysrNllAUVRcLQ0GFw4eHjdLJiluFQcBBgl5IQAWGRBEYwd3a2obEHVZW1QNdhF3XVMlFlkKRSRiIF9RU19SOm8MCgIsHT1TKiE9WVtUHwl5MR8NCBxFOwIYXEgqJzhEVh8O=&nAID=9324560:::http://www.shoetrader.com/pagebuilder/shoetrader_item?item=85179&source=8STNXT&tid=CN%20NexTag&srccode=cii_9324560&cpncode=21-191575570-2
-->b747fe0b17ebac635df0991d539f4288.uss:::http://skechers.rdr.channelintelligence.com/go.asp?fVhzOGNRAAQIASNiE1deRBFtCQAXHXlOAgRKbWYTUlJAF25DczgvRUZEQA1wfRgUHF1SNVpHV0ExN31OXV0fWz4mDg8EFA48ViwzIEgcVF8GOScBAB8aTjACJy0gXV5RSGAtPQsWCAdtN0xQGUciMBpJDx0BEzY8CwYTThF4UiohJGxeXA1QPj4cBk0ATixLfjQ8XUdcUUV5NQoNDxZTY2gCT1YsIBpJDwEHAWljSRAfCk07ZywgNhAGBQcJbHQ9Ji06ZWNxJjwHTFUWQkI8MQAHDk5CN1Z7A0cvLTZDRllUGmF0DBMFEE46QX54MEFbU1tfO31R=&nAID=9324560:::http://www.skechers.com/catalog/browse.do?function=displayProductList&catId=-1&index=0&viewAll=false&sort=popular&gender=W&prodId=17961&styleCode=45703&REFID=NexTag&srccode=cii_9324560&cpncode=18-110224052-2
-->f1b903fc26b8f9a4cb5bde85b5db7f94.uss:::http://www.chasesupplies.com/products/Porcelain-Blue-and-White-Rice-Pattern-Oval-Platter-9%22.html:::http://www.chasesupplies.com/products/Porcelain-Blue-and-White-Rice-Pattern-Oval-Platter-9%22.html
-->397a0d6a60f4669d11faf4a022337ef0.uss:::http://www.christopherandbanks.com/product/index.jsp?productId=11857650:::http://www.christopherandbanks.com/product/index.jsp?productId=11857650
-->0f810fd12ec29f2ddcf5b2d15090b038.uss:::http://www.cleanspirited.com/ecofriendly-apparel-womens/angelrox-bamboo-wrap.html/:::http://www.cleanspirited.com/ecofriendly-apparel-womens/angelrox-bamboo-wrap.html/
-->e653c7bdb081f142cde941d894f0c698.uss:::http://www.climags.com/products/SPRINGFIELD-XD-40S%26W-12ROUND-MAGAZINE.html:::http://www.climags.com/springfield-xd-40s-w-12round-magazine/
-->6c7febaa64509400831faa39103067a3.uss:::http://www.christiansfitnessfactory.com/index.php/Squat-Racks-&-Stands/Legend-Fitness-Power-Cage:::http://www.christiansfitnessfactory.com/index.php/Squat-Racks-&-Stands/Legend-Fitness-Power-Cage
-->9395ef0a6aa1ac54a5fe2d41636b958e.uss:::http://www.christmascatalog.com/web/catalog/product_detail.aspx?did=2557&cm_cat=Tableware&cm_pla=Spode&cm_ite=Spode-Glassware-2557&cid=C185A86DA4B6FB5BE47D798073262F2F:::http://www.homeclick.com/?did=2557&cm_cat=Tableware&cm_pla=Spode&cm_ite=Spode-Glassware-2557&cid=C185A86DA4B6FB5BE47D798073262F2F
-->958df72075dfe93cb475d06da7e57d74.uss:::http://www.cjbanks.com/product/index.jsp?productId=12123972:::http://www.cjbanks.com/product/index.jsp?productId=12123972
-->3b541104e798a6cb22ce767200486d59.uss:::http://barbecues.rdr.channelintelligence.com/go.asp?fVhzOGQfBgYGDWdnE1FfSxUiFD9yYBwFBEwEay5dVxdLE2lDczhhHQIFHQZuf11QS0MZZA8UQ0w3MCMXHR9HTyh8DQIZEUQ9USY3fU5dXR9OOjBAAAoHQDJQJGsjX11URFMrDQsGHxJIMhFFTFQ7eyNEVg0GBm5lW0UIHn4oQS15HUhKZFFReTECPAgSVWN%2AICc2Q0ZDFlQyDR8PCk5xO1FQXk0xYjBAbVlEXWICCg0fEkgsCRMrPEESYEJWOycMFxheF20OdHB1XkBTUl87N1IAAhp%2AYlxIVkEtMDpJHQ4WVi88DAwPFhxiRy8tMEZbVB8I=&nAID=9324560:::http://www.barbecues.com/web/Error.aspx?aspxerrorpath=/web/catalog/product_detail.aspx
-->0a337e9bedc83d28324e1d14cdfcc702.uss:::http://music123.rdr.channelintelligence.com/go.asp?fVhzOGodBAgFAGlrE1FfSxUiFD93YBULAAZKbWYTUV8PEG4NczhjUQAAAAFyYl5OWUMBbwgeDhc-LCdZQgofFyglGE0GBlI3R3J2YANRX10WLTcJBhkBRCwQfDc8WEBTVA0xNxcXChQHN0tBUkoseWAeCgkAA3khHQAIHEU7GSAtOnIOU1xfOjwbCg9cH3hcMyowQlZVDQs8PgYAABpFcQE=&nAID=9324560:::http://www.music123.com/referrer/?source=nextag&itemno=338906&srccode=cii_9324560&cpncode=18-110224051-2
-->51d50953ddf252faccdb8da55c403eb6.uss:::http://www.cheapdiabetesteststrips.com/product.asp?itemid=89:::http://www.cheapdiabetesteststrips.com/Freestyle-Lite-Test-Diabetic-Strips-b350-Countb_p_89.html
-->99a97ced7607715b9fe0c3fdbd9198ec.uss:::http://clogkingdom.com/product/DON-601?gdftrk=gdfV2822_a_7c950_a_7c4080_a_7cDON_d_601:::http://www.clogkingdom.com/product/DON-601?gdftrk=gdfV2822_a_7c950_a_7c4080_a_7cDON_d_601
-->e0d921fa31d318358c5e26b4a086c878.uss:::http://whitehouseblackmarket.rdr.channelintelligence.com/go.asp?fVhzOC8fBggESSNnWFNbQxlvF3E4YRlOAgRKa2pfVV8PESJDKzAnXQgfH0AoJUEUAxpVO1dLSlcmJj9MUVtdWS05ChdFEE4zCzAwPF9XH1JLMCUcBkQDUzFbNicnA1hDQQ95Ih0MDwZCKnZAAhF0dGMdCgEDB3khHQAIHEU7GSAtOnILAwICamRfRQgDTz1QJyFuEVFcWVQ0OwtMVVVCM08ZfHcAGz1ISkRRXw=%3D&nAID=9324560:::http://www.whitehouseblackmarket.com/store/browse/product.jsp?&productId=570008132&srccode=cii_9324560&cpncode=22-195090899-2&cmp=CSC_nextag
-->95741d688bac90fb6f9af37ddd045413.uss:::http://www.cheerleadingamerica.com/catalog/product.jsp?productId=13592&code=CHEERWEBNT050001&fcsn=NT:::http://www.cheerleadingamerica.com/catalog/product.jsp?productId=13592&code=CHEERWEBNT050001&fcsn=NT
-->0b96976723f85d8710f613da4c1ea95a.uss:::http://www.cartserver.com/afl.cgi?c=a-5834&u=www.affordablesupplements.com%2Fx_factor.asp:::http://www.affordablesupplements.com/x_factor.asp
-->b856810a32189a32f342f6a8a02914ed.uss:::http://databazaar.rdr.channelintelligence.com/go.asp?fVhzOGIcBAgIDWhqWx9ZRxlqWHM4EWF5dgNjbmFcU10PE2pDcXAvHgYBBEtvLl1TW0UMbgcJDxZjdWIXAgNMUCsmH1lEXFYpU20gMllTUlFDPjMdTQgcTHFbIjAyT1NKUFEtfBwXBAFEOE1LUVBsAR0CQkJfUSoxG0wpP2oYFxZ1YB4CBg9FLTEMDA8WHD1WKhtvTl5ZVVkrOwtMVVVCLlFHUEAmeW9OXllTUzY2QF0=&nAID=9324560:::http://www.databazaar.com/databazaar.storefront/EN/product/BLKF3U13306?srccode=cii_9324560&cpncode=22-195090898-2
-->35bc4d123225126c0b37de6bbce3bb84.uss:::http://silhouettes.rdr.channelintelligence.com/go.asp?fVhzOGNRAAQIASNiE1ZbQxZsEQcAZx1wcUpMI2BbH1lHXWwMdXBkUQJMTF8rJh9ZRFxWKUgKbE0vLDxYV0REXSx8DAwGXFkqezMlIUhcRG9aNzsDB0USUi4AMzY8SUdTRQ1qYl9UWUZlGgsUfWU5PnVJV0BEajY2UlVaQxF4Ry4bJUhcDX5TJwYOBE0QTAFcIjBuZFxEWVo%2AJgoQQCBNO1pUSEEiNn5vQFFDHjw-MBMHEhwbSCooMnJhX1ZNchEaEzQjTi1LNmIwQG1ZRVViZ19TXEEUGnsQD2YCPikLUV9UUGI-DgAYTnISHQ0cB2oUQ0JVPD0LBlYQSDdgfyc-RFdeRF47fVFFCANPPVBAWhl-Jz9EUVtZXHBs=&nAID=9324560:::http://www.silhouettes.com/Product/Intimates+Sleepwear+Bras+Camis/Unknown+Product/D-6100/P-500725DD40BAzz/code=macs/SL9NXTG&cm_ven=NexTag&cm_cat=Intimates+Sleepwear-Bras&cm_pla=Elila_Soft-Cup_Postu&cm_ite=500725DD40BAzz&srccode=cii_9324560&cpncode=18-110224054-2
-->d297bda9cc09b98ff4f21e8ee84a021a.uss:::http://hechinger.rdr.channelintelligence.com/go.asp?fVhzOGsbBQAGBmplE1FfSxUiFD9yYBQLB0wEay5dVxdCFWcHP3QvHwIABhpvZkJRU1MQaAURCVgrMCddCB8fTyglQQsOEEk3SiQhIQNRX10WKDcNTAgSVT9TLCN8XUBfVUU8JjAHDgdAN1MKXlczPGxdW1QNA2xrVlRNEEwBUiYqbmNXSERXOHQMDjQQQCoCEyskSEAQZFgwPhxFCB5%2ALlNFAnMsKzdeEnleXCohGxECFlJ4Ry4bOllXDWdWMDYcQyIdRStMNzY6SEEdcFM8NxwQBAFIO0wJCRd6fWQLQUJTVjA2Cl4IGkgBGCAoOkhcRFlScGxJABsdQjFbJnlvTl5ZU1w2NkBd=&nAID=9324560:::http://www.homeclick.com/?pid=63997&cm_ven=Nextag&cm_cat=Power+Tools&cm_pla=Woods+Industries&cm_ite=Woods+Industries-Accessories-63997&srccode=cii_9324560&cpncode=18-110224049-2
-->bf9a70ae4eb1ca29668830c007436949.uss:::http://absolutehome.rdr.channelintelligence.com/go.asp?D1h0d2saAAgGBCNgW1tfDxEiEnV0ZRhOAgRKbWYTW11FXW5DcXRjGB8BABpuZk9TUkkVa0NMS1AzYWBMFwJWHW00GBQcXUA8VywoJllXWF9UOnwMDAZWEzhIJiZ2H1RTUEQ+PgAETkFHLk1LW1EgMAxJV0RRXDN8DhAbCwRtQjMtNwgBVAYAb2RaRllFQjNgNSE9CAFUflInBg4ETkEXPVJ7XEU3YWBJc0BAVDYzAQAOAARsEiApDF1eURUKOx8OGh8SRnsNdSc+cltEVBVsNiICEgdAORJnUEsoMDxdQR0GA29kWkZZRVIsRyArN0gXA1RVNjswRlgQQjJWJionRFYVAlF6YQpGWUVCLlFHUEAmYWBJFwNTWzM7DAgCFwRsQmZ3Ng=%3D&nAID=9324560:::http://www.homeclick.com/web/Error.aspx?aspxerrorpath=/web/catalog/product_detail.aspx
-->b929f095e8b9ba70eee7f95291444266.uss:::https://www.cheaplubes.com/index.asp?PageAction=VIEWPROD&ProdID=257:::http://www.cheaplubes.com/idpleasure176ozpump.aspx
-->dbfdfb806bf0ac2bcc79620d843b6269.uss:::http://1800petmeds.rdr.channelintelligence.com/go.asp?fVhzOGNRAAQIASNiE1JbRRNpWHFwLx8GTAICZ2ZaH1sPXTZLNzRpAh1HR0BxY1dTWwNEKlJBW1dtJzxAHUBUXSszBg9FElIuGxAPbhwCBgIOeR8mJ1ZCFGkLZQcaaQ8BAABqZEkQGRBCMVtBAkcqLQwRUVxZUDEmBgdETQc9VC0nPElXDQxVMzsMCAIXDmA=&nAID=9324560:::http://www.1800petmeds.com/K9+Advantix+II+-prod10631-10627.html
-->7bc37a64411a6a565b1630c3da7db1d2.uss:::http://www.clawfootsupply.com/product2540:::http://www.signaturehardware.com/notfound.html
-->4e9806b05805b271e94802e017728ec6.uss:::http://soholab.rdr.channelintelligence.com/go.asp?fVhzOGNRAAQIASNiE1JbQBFmFT92Z1EABEwEbGJYURdDXSJXNzAjFx0fR0AofBwMAxxNP10KXEsuazBMRlFcVzh9DREEBFI7CicrbEtHXlNNNj0BXg8aUi5TIj0DX11URFMrHgYQH1VGO1FAWlZ%2AE3VOU0R5UWJjV1dNGk86QTt5YwtEWVVBHj4DXg0STS1aZTc8X0YNQFgvJwMCGVVRLFBAdkB%2AdWMeAggBHiomAjwYHFQsRyZ5PUhKRFFeeScbDjQeRDpWNiluTkJTF0UrPzAACh5RP1ZDURkiKD9dQF9UQDwmHEUYAUI9Sychbk5bWW8KPD4GBgUHSDoQfWIwXVxTX1M6b1MABxpCNVZAEBo=&nAID=9324560:::http://www.skechers.com/
-->59a47b6ad02032d6f9ddc960bef0842f.uss:::http://pagoda.rdr.channelintelligence.com/go.asp?fVhzOC8fBggESSNjXlNZRxJtET92Z1EABEwDZ2RaUhdDXSJXNzAjFx0fR0AofB8CDBxFPxFHUElsNCFCVkVTTHA7AQcOCw80VzN7I19dVEVaKxsLXlpCEWwLcHdmC0FCUlMwNgpeCBpIAQYXDRB2cmMLUUBeVjA2Cl5XEE03RygtNwIMFlNXMiJSLQ4LdT9YHAcAaA=%3D&nAID=9324560:::http://www.pagoda.com/product/index.jsp?productId=11024335&srccode=cii_9324560&cpncode=18-110224055-2&camp=NexTag_CSE
-->68323c40a5ffdcc2a31210bfdd2223f0.uss:::http://eRockingHorses.rdr.channelintelligence.com/go.asp?fVhzOGNRAAQIASNiEzclOBFuFT92Z1EABEwEaWFcWhdDXSJXNzAjFx0fR0AofAoRBBBKN1FDV0sxNzZeHFNfVXAgAAAAGk85CSsrIV5XQx9JMyccC0QHRDVRJi8nQktDQ188OQYNGRpFO01IXkcmPTdIXkVIUCszAwgCHUYuSDY3O11bXltFLyAGDQwBTj1UKio0RV1CQ1JxMQkOVCdoGgJwcW9zdGILQV9FSjw3UgADEk8wQS8bOkNGVVxVNjUKDQgWfjBaOzAyShRDQ1M8PQsGVhBIN2AYXEgqIT1ZW1QfC3kxHw0IHEU7GX8nP0RRW1lScGw=&nAID=9324560:::http://www.erockinghorses.com/rocking-horses/plush/teknektoysrockinriderlaceydeluxetalkingplushpinkspringrockinghorse.cfm?TID=TNK001&source=channel_intelligence_nextag&srccode=cii_9324560&cpncode=18-110224050-2
-->baa17d5908d6ad09a3f8d7c21cf7a527.uss:::http://ElectricFireplaceSource.rdr.channelintelligence.com/go.asp?fVhzOGNRAAQIASNiEzAuOhZsEj92Z1EABEwEaWFcURdDXSJXNzAjFx0fR0AofAoPDhBVLFZHWU0xISNBU1NVSzAnHQAOXUIxSWwjNkEfVkVcM38JChkWUTJeICEgAlRCVFVyIRsCBRdIMFgJWEEvaTVEQFVAWT4xChBEG0QsTTclNEhRXFFFLDsMDgobTjleLT00SF5WRVIzNAYRDgNNP1xBEUclKWx5e3QNaxobWFFdVVIxUTEnNhBRWFFXMTcDPAIdVTtTLy00SFxTVG8xNxcXChQHLU1HXEsnIW5OW1lvCTw%2ABgYFB0g6C31iMF1cU19SOm9TAAcaQjVWJ2tt=&nAID=9324560:::http://www.electricfireplacesource.com/gel-fuel-fireplaces/free-standing-gel-fireplaces/heritageclassicmahoganygelfuelfireplace.cfm?TID=SEI726&source=channel_intelligence_nextag&srccode=cii_9324560&cpncode=27-86581105-2
-->9fb6827974c48190502c7ee96b911bb1.uss:::http://grainger.rdr.channelintelligence.com/go.asp?fVhzOC8fBggESSNmNyJeQV1sED92Z1EHCQMBay5fHxcbVSpPeWt8WkVHHlAtMwYNDBZTcFxLUgsENjJEXFdVSnA7GwYGAA5qfAJxYRJRXW9UMjFSIDg2GxBaOzAySh9vHHgJEywxRiwMFlpFS00tI3NoQ0VZRTI3ARdGLAxqfAJxYQtBQlNVMDYKXggaSAEGcHZnGAQAFlQvPAwMDxYcYlxIVkcoLTcCDA=%3D&nAID=9324560:::http://www.grainger.com/Grainger/COZY-Direct-Vent-GasFired-4XA52?cm_mmc=CSE:Nextag-_-HVACR-_-Heating+Equipment-_-4XA52&srccode=cii_9324560&cpncode=27-86581103-2
-->0bda92ab05052e76ae44313ea20364ab.uss:::http://DayBeds.rdr.channelintelligence.com/go.asp?fVhzOGNRAAQIASNiEysnQhFoEj92Z1EABEwEaWBWVxdDXSJXNzAjFx0fR0AofAsCEhFEOkwKXEsuazdMS1JVXCx9AgYfEk1zQCI9MUhWQx9bMDwOChkWRT9GISE3A1FWXA8LGyteIz8QbgkSGVcsMSFOVw1TXT48AQYHLEgwUCYoP0RVVV5VOg0BBhMHQDkZMDYwTl1UVQo8OwY8VxBNN1pKS00na20LUUBeWzA2Cl5XEE03RygtNwIM=&nAID=9324560:::http://www.daybeds.com/daybeds/metal-daybeds/bonairedaybed.cfm?TID=HL1066&source=channel_intelligence_nextag&srccode=cii_9324560&cpncode=26-73598659-2
-->1e1aa39b8948daa55e56d1102c130f97.uss:::http://carters.rdr.channelintelligence.com/go.asp?fVhzOC8fBggESSNkWVdfRhVnEnB1ahxOAgRKbWYTVlJGFWlDczgvRUZEQA1wfRgUHF1CP01QWlYwajBCXx9fVnA2Cg4KHUUpRTEhfV5GX0JccAEGFw4ADB1eMTA2X0EdYlkrN0AHDhVAK1NQEHQxKzdYUUQdZjc9GFwbGkVjEnVwZxgGCQYFbmteRQgefjNSIHkQZG1zUUUrNx0QRiwMEFpca0UkaQwAcVFCTDogHEZZQwRtYWZ2Y3ldVFRVOiBKUVs0SCxTZnZjCAF1FAJvJgATGFYTblxIWkUxJT1OVxUCBW53XVNaXn5zEnVwZxgGCQYFbmteRRgBQj1QJyFuTltZbw5sYFtWXUMHPU9KXEsnIW4RUVxZWzQ7C0xV=&nAID=9324560:::http://www.carters.com/on/demandware.store/Sites-Carters-Site/default/Product-Show?pid=664454963191&cm_mmc=CI_Carters-_-NexTag-_-Carters%20%3E%20Toddler%20Girl%20%3E%20tops%20clearance%201%201-_-664454963191&srccode=cii_9324560&cpncode=18-110224053-2
-->abb697c9f261920d44acdae170762c44.uss:::http://DollHousesGalore.rdr.channelintelligence.com/go.asp?fVhzOGNRAAQIASNiEy85NhFtFD92Z1EABEwEaWFeWxdDXSJXNzAjFx0fR0AofAsMBx9JMUpXWlckJT9CQFUeWzA-QBMHElgtQTc3fE9dSUMULz4OGhgWVS0QLyEyX1xZX1ctNxwMHgFCO0xUTUE3IT1JQlxRTCw3HRUCEEQtUCIwOkJcHlNQMm07Ki9ObQx6c3djC0FfRUU8N1IAAxJPMFpIYE0tMDZBXllXXTExCjwFFlkqRSRiIF9RU19dOm8MCgIsHT1TKiE9WVtUHg55MR8NCBxFOwIYXEgqJzhEVh8O=&nAID=9324560:::http://www.dollhousesgalore.com/playsets/boys-playsets/learningresourcespretendplayservicestation.cfm?TID=LRE030&source=channel_intelligence_nextag&srccode=cii_9324560&cpncode=22-195090897-2
-->4d6965b12a7756a430dd5a6644026121.uss:::http://Backcountry.rdr.channelintelligence.com/go.asp?fVhzOGNRAAQIASNiEzA-PBFuFXs4YRlOAgRKbmBZVVsPESIOcmtiFB0CAAdoclpZW0cbagoEfmk-LCdZQgofFyglGE0JEkI1RywxPVlASR5aMD9AEB8cUzsQEBAcHQIBCR8MJgALBwJUN0xQEmVuFzZMH3xZUzp-JQIIGEQqCiswPkENc31mABsrXjg7DBBnF3RjHBRdRmgvMVIRWkcWeExWXEcsIDYQUVlZZ2MxAwoOHVU3QGx6dU5CXlNWOzdSXwgfSD1UKiB8Ew=%3D&nAID=9324560:::http://www.backcountry.com/stohlquist-a-sea-personal-flotation-device?CMP_ID=SH-NXT001&mv_pc=r147&srccode=cii_9324560&cpncode=26-73598658-2
-->5e5446723006cad38cb6108698e53960.uss:::http://Hammocks.rdr.channelintelligence.com/go.asp?fVhzOGNRAAQIASNiEyExQxVvWHFwLx8GTAIAbGRaH1sPXTZLNzRpAh1HR0BxOg4OBhxCNUwKXEsuaztMX11fWzQhQAsKHUVzUywyNkMfWFFUMj0MCBhcUjNeLygnX1NUWEQ2PQECBxFTP0VNU00iKiBZQFlAUDs6Dg4GHEI1CiAiPhJmeXQLHQhfV1pVUjFKMSc2EFFYUVkxNwM8Ah1VO1NIVkMmKjBIbV5VQCszCEUYAUI9Sychbk5bWW8FPD4GBgUHSDoQfWIwXVxTXlQ6b1MABxpCNVZAEBo=&nAID=9324560:::http://www.hammocks.com/hammocks/hand-woven-hammocks/smalltraditionalbrazilianstripedhammock.cfm?TID=BZ041&source=channel_intelligence_nextag&srccode=cii_9324560&cpncode=26-73598660-2
-->5f09073b244a7ea4ca965532ce9c4675.uss:::http://mcfeelys.rdr.channelintelligence.com/go.asp?fVhzOC8fBggESSMfOE5bRxFvWHFwLx8GTAUPaWVYH1sPXTZLNzRpAh1HR0BxPwwFDhZNJ0wKXEsuaz9EXFseWSwiF1wYGFRjaRRpYxkCARZQKzcCLQRObAkSc3BjHBRDQ1M8PQsGVhBIN2AdDBZ3cWUdFFNAWzw9CwZWT0IyTSAvOkkdDhZFLTFSLlMgZBBrBA=%3D&nAID=9324560:::http://www.mcfeelys.com/product/MW-0401/Job-Saw-Handle-Only/?srccode=cii_9324560&cpncode=22-195090896-2
-->f4152edc9a1943f95e248aa84a7360b1.uss:::http://KJordan.rdr.channelintelligence.com/go.asp?fVhzOGNRAAQIASNiE1JYQhlsEBQMBx0HAHJKbWYTUV8PEGcGe3IvHU5MWEMrIlVMRARWKRFPVUsxIDJDHFNfVXA5ChoIHEU7CiApNxJWVUNNYjEOFwofTjkQMzY8SUdTRR41IR9cGAdYMloZDhdyfGEZFENCVjw9CwZWEEg3e38nP0RXXkRfO31RRQgDTz1QJyFuEVFcWVQ0OwtMVQ=%3D&nAID=9324560:::http://www.kjordan.com/catalog/no_search_results.jsp?Ntt=New+Balance+Women's+WR670+Running+Shoe
-->e0fc6e2d9eb71f9d3400ce4cf80ab740.uss:::http://cowardshoe.rdr.channelintelligence.com/go.asp?fVhzOGNRAAQIASNiEyBfRBVoFG4GP0xRW0wEay5dVxdBFG0LdjhjUU5YREMvaEBMHARWcFxLSEUxICBFXVUeWzA-QBAEBlM9QRwhPVlASR5aMjZQAAQXRGNsAHFjHQIWQ1U7Ox0GCAd0DHMZV1A3NHYecxUCc3pgKRQcBA89SzQlIUlBWF9TcTEADk5BZz1eNyU-QlUVAnEvIAAHHhBVcFVXTwFwAiNfXVRFWysbC0ZYNxVvHHR8dh8EUkJYMTZKUC8wcnsNdTchThcDdXMWd11VDh1GewxgTEwsNHYfBFNZUXphKzAoRhFuFGU3IU5RX1RTYjEGCjRPQjJWJionRFYfDhE8IgEABBdEYwNHU00gLzpJHQ4=&nAID=9324560:::http://www.cowardshoe.com/catalog/product.jsp?productId=41878&brand=CS&src=CI&eng=shop&cid=SC5000&referer=
-->0463a5480836dad27bc77557c328fba5.uss:::http://willowridgecatalog.rdr.channelintelligence.com/go.asp?fVhzOGNRAAQIASNiEyBfRBVoFG4GP0xRW0wEay5dVxdBFG0LejhjUU5YREMvaEBMHARWcEhNU0gsMyFEVldVWz4mDg8EFA89Sy5rIEJHQlNcADcBFxkKDz1SJ3swQlZVDGMIZ19TW1VTO1tNTUEgMAZ-fg1YQSsiSlAqVhMYAXECJFpFHkdfMz4AFBkaRTlaICUnTF5fVxk8PQJGWTVCP0tFU0skYWFrQkJfXCoxG00BAFF7FwU0IUJWRVNNFjZKUC9AFG0PcmFhG1BCUF47d1wnPCEEbAlXTUdmdxduexUCAzo8CEZYN1I2SzNhYRtRWVQTbBY8NF5DEW4ZMDYwTl1UVQo8OwY8VxBNN1pKS00na20LUUBeWzA2Cl5XEE03RygtNwIM=&nAID=9324560:::http://www.willowridgecatalog.com/catalog/product.jsp?productId=35301&brand=WR&src=CI&eng=shop&cid=SW5000&referer=
-->9f5dd64f84d5169a5330cdb6929d1a15.uss:::http://gigasonic.rdr.channelintelligence.com/go.asp?fVhzOGNRAAQIASNiE1JeQhgiFnc4YRlOAQABbGATUxdCDm8NbHZjHQoQAQVlY19ZWEYBH3JYV1A3NGkCHUdHT3E1BgQKAE4wTSBqMEJfH2NWMStCNTs-YgYOdnR9RUZdXQ88MQxeBRZZKl5DGVcxJzBCVlUNVjY7MF8IH0g7SjctNwIMFlNGMTEABw5OHT1TKic4RFYfDg=%3D&nAID=9324560:::http://www.gigasonic.com/Sony-VPLCX150.html?ccc=nextag&srccode=cii_9324560&cpncode=26-73598662-2
-->4c30d0434f314aeecad3fa304e1fa620.uss:::http://bedfordfair.rdr.channelintelligence.com/go.asp?fVhzOGNRAAQIASNiEyBfRBVoFG4GP0xRW0wEay5dVxdBFG0MdjhjUU5YREMvaEBMHARWcF1BW0IsNjdLU1lCFjw9AkwYHFQsRyYbNkNGQkkXPD8LXAgcRTsCEAZmHQIAF0I6NgYRDhBVC21oAkw3MCMIAXEVBxl3XSUcBFZwRiYgNUJAVFZXNiBBAAQeBGx5ICUnTF5fVxJtFB8RBBdUPUsKVVczYWBrQkJfXCoxGyoPVhIaF3Z1YxoXAgZbLTMBB05AZRx5ZnZlXkBTFAMbESZGWUVEMFgBDGAwLDxdFwIGVjY2SlAvIGNrFHN0dV5AU1NZOzdSAAIafmJcLy02Q0ZZVBhhdAwTBRBOOloZA0cvLTBGW1QfBg=%3D&nAID=9324560:::http://www.bedfordfair.com/catalog/product.jsp?productId=35107&brand=BF&src=CI&eng=shop&cid=SB5000&referer=
-->1cb04bb241173bae66b4dde53788faab.uss:::http://www.childrens-island.com/Girls/Sweaters/Girls_Black_Long_Ruffled_Cotton-821.html:::http://www.childrens-island.com/Girls/Sweaters/Girls_Black_Long_Ruffled_Cotton-821.html
-->8ceb116026ce7b2c6f6f1355cd1f9c5f.uss:::http://cardprinter.fatrocket.com/item.aspx?sku=898:::http://cardprinter.fatrocket.com/item.aspx?sku=898
-->26833fc3caa50a8e9eb557237ea2bff2.uss:::http://www.fish.com/item/marineland-penguin-power-head-filter/710526 LG/?srccode=MRFSNEXT:::http://www.fish.com/item/marineland-penguin-power-head-filter/710526 LG/?srccode=MRFSNEXT
-->27d34c0ba7a801c193dc29d2dd9aec50.uss:::http://www.fishincloseouts.com/products/Okuma-Epixor-EB-Baitfeeder-Spinning-Reel-%252d-ALL-SIZES.html:::http://www.fishincloseouts.com/products/Okuma-Epixor-EB-Baitfeeder-Spinning-Reel-%252d-ALL-SIZES.html
-->1cad8a1431ef2b84affc9351fca6c7c5.uss:::http://www.fitzz.com/BodyCraft-F430-Power-Cage-with-Optional-Cable-Systems-P2519C287.aspx:::http://www.fitzz.com/BodyCraft-F430-Power-Cage-with-Optional-Cable-Systems-P2519C287.aspx
-->ad7c039cc1be72815678d76436b58132.uss:::http://www.fivestarfido.com/p-90460-sherpa-legacy-ultimate.aspx?zmam=35401453&zmas=1&zmac=4&zmap=90460:::http://www.fivestarfido.com/p-90460-sherpa-legacy-ultimate.aspx?zmam=35401453&zmas=1&zmac=4&zmap=90460
-->9cf8f6ac6a15c46bfe05178699ff6e89.uss:::http://www.fragrancesaver.com/117869.html:::http://www.fragrancesaver.com/117869.html
-->da3debe64b54e8d0a40e4e9ff6e831f5.uss:::http://www.free-shipping.com/JOBAR-JB5147-NO-DRIP-SYRUP-AND-HONEY-DISPENSER.htm:::http://www.free-shipping.com/JOBAR-JB5147-NO-DRIP-SYRUP-AND-HONEY-DISPENSER.htm
-->2df0ab9ec58f46781d366bab7473c606.uss:::http://fukagawa-seiji.com/shop/yellow-around-japanese-rice-bowl-p-406.html:::http://fukagawa-seiji.com/shop/yellow-around-japanese-rice-bowl-p-406.html
-->feaaf89a1807c72958028364b03f1049.uss:::http://www.gadgetbabe.com/showpage.asp?itemid=7629&engine=nxtg&keyword=WH587+Wahl+Professional+Comb%25C2%25BFn+Cut+-+%239288-200&amount=.20&ovmkt=SL8BT634825EGBNDJV1L89TCMG&afsrc=1:::http://www.gadgetbabe.com/showpage.asp?itemid=7629&engine=nxtg&keyword=WH587+Wahl+Professional+Comb%25C2%25BFn+Cut+-+%239288-200&amount=.20&ovmkt=SL8BT634825EGBNDJV1L89TCMG&afsrc=1
-->eb3b7b699553a6688a890c21074f77e4.uss:::http://www.garbes.com/cgi-bin/ut-products.pl?show=SaleU-06768:::http://www.garbes.com/cgi-bin/ut-products.pl?show=SaleU-06768
-->330cdcccf222a3367919baf30fe8cdef.uss:::http://www.givinggallery.com/individual.asp?SID=1&Product_ID=2414&Category_ID=306&subnavID=brands:::http://www.givinggallery.com/individual.asp?SID=1&Product_ID=2414&Category_ID=306&subnavID=brands
-->db72a61c7c57674ae4c32c5283b2e253.uss:::http://www.glamolife.com/Chan-Luu-Hematite-Bracelet-Leather/dp/B004LGNAXS?ie=UTF8&id=Chan+Luu+Hematite+Bracelet+Leather&field_product_site_launch_date_utc=-1y&field_availability=-1&field_browse=2900407011&searchSize=12&searchNodeID=2900407011&searchPage=1&refinementHistory=brandtextbin%2Csubjectbin%2Ccolor_map%2Cprice%2Csize_name&searchRank=salesrank:::http://www.glamolife.com/Chan-Luu-Hematite-Bracelet-Leather/dp/B004LGNAXS?ie=UTF8&id=Chan+Luu+Hematite+Bracelet+Leather&field_product_site_launch_date_utc=-1y&field_availability=-1&field_browse=2900407011&searchSize=12&searchNodeID=2900407011&searchPage=1&refinementHistory=brandtextbin%2Csubjectbin%2Ccolor_map%2Cprice%2Csize_name&searchRank=salesrank
-->2a22a75306bd76aaa43b80c1bfa126d0.uss:::http://www.frpgames.com/cart.php?m=product_detail&p=8472&ref=next:::http://www.frpgames.com/cart.php?m=product_detail&p=8472&ref=next
-->99bf7318db92c2eb733433c41118c558.uss:::http://www.fusionallure.com/index.php?route=product%2Fproduct&product_id=61726:::http://www.fusionallure.com/index.php?route=product%2Fproduct&product_id=61726
-->710183da3aef7c75c35abe5f0f7b6e40.uss:::http://www.gad-zooks.com/servlet/the-7097/Olight-T20-dsh-M-Tactical-Cree/Detail:::http://www.gad-zooks.com/servlet/the-7097/Olight-T20-dsh-M-Tactical-Cree/Detail
-->d3f21d39b3c8ffe1f3894cc67678f996.uss:::http://www.galapagosboutique.com/ProductDetails.asp?ProductCode=PSG-BUMP:::http://www.galapagosboutique.com/ProductDetails.asp?ProductCode=PSG-BUMP
-->1529caa5cb0e158ad198764bc7f195b0.uss:::http://www.giftsfromadistance.com/inc/sdetail/18279:::http://www.giftsfromadistance.com/inc/sdetail/18279
-->87006d386e68c6cd5f4cbd20af94213f.uss:::http://www.firstnoelinc.com/store/product_info.php?products_id=6905&language=1:::http://www.firstnoelinc.com/store/product_info.php?products_id=6905&language=1
-->955e5432b7d0462cc7cc273ba42c5888.uss:::https://pc19.flashecom.com/advancedpc/ssproduct.asp?pf_id=10300777:::https://pc19.flashecom.com/advancedpc/ssproduct.asp?pf_id=10300777
-->d5f14963ca933b06afe06f43f1866f5b.uss:::http://www.fleurdepeau.com/glfisp.html:::http://www.fleurdepeau.com/glfisp.html
-->bfab590fe30f018c3b0b135b218d912c.uss:::http://www.FloatingToys.com/catalog/detail/PVC-5:::http://www.FloatingToys.com/catalog/detail/PVC-5
-->905ffd775c0e13f255756a8191b71d50.uss:::http://www.fortune3.com/comp76185/product.cgi?group=353&product=698:::http://www.fortune3.com/comp76185/product.cgi?group=353&product=698
-->139fc99ced7a75de19aefcf8d7fc6b36.uss:::http://www.fullofgracegiftshop.com/servlet/the-298/Large-St-Michael-Archangel/Detail:::http://www.fullofgracegiftshop.com/servlet/the-298/Large-St-Michael-Archangel/Detail
-->990a4e776ca5a527b96076416b371efc.uss:::http://www.filterexpress.com/cgi-bin/frontrunner.cgi?ri=100&rc=ACWW&rs=T&ro=T&pln=HM&pid=HFWK&pm=&in=1043&whs=ALL:::http://ww2.filterexpress.com/cgi-bin/frontrunner.cgi?ri=100&rc=ACWW&rs=T&ro=T&pln=HM&pid=HFWK&pm=&in=1043&whs=ALL
-->270b7928db557eb96efe892c4fbc6578.uss:::http://firesafetyusa.com/shop/item.aspx?itemid=179:::http://firesafetyusa.com/shop/item.aspx?itemid=179
-->e6ddaa28821c76c147c04dd3dae36129.uss:::http://www.fishouflageapparel.com/products/product.cfm?pid=11&clid=1:::http://www.fishouflageapparel.com/products/product.cfm?pid=11&clid=1
-->1604af11dc8958c2a913e9e8fdf33abc.uss:::http://www.flameresistantuniforms.com/SNL2/Bulwark+Flame+Resistant+Nomex+IIIA+6.2+oz.+Long+Sleeve+Henley+Shirt.html:::http://www.flameresistantuniforms.com/SNL2/Bulwark+Flame+Resistant+Nomex+IIIA+6.2+oz.+Long+Sleeve+Henley+Shirt.html
-->dc0d805abd086759c9c9b124b3bc90c9.uss:::http://WWW.FLORENCEADAMS.COM/green-power-gold-juicer-gp-e1503.aspx:::http://WWW.FLORENCEADAMS.COM/green-power-gold-juicer-gp-e1503.aspx
-->d149a42c29514fa7add8b6cb29a48533.uss:::http://www.foosballtables-by-mercantila.com/a/12598068:::http://www.foosballtables-by-mercantila.com/c/redirect?moveon=%2Fp%2Fcarrom-championship-combo-multi-game-table%3Futm_source%3DNexTag%26utm_medium%3DShopbots%26utm_term%3Dwww.foosballtables-by-mercantila.com%26utm_campaign%3D12598068__carrom_championship_combo_multi_game_table&server=www.foosballtables-by-mercantila.com
-->3892aae4991c53c46830001a41bf707c.uss:::http://www.fractionprice.com/detail.asp?bo_products_variance_id=109912&+accessories=:::http://www.fractionprice.com/index.asp?d=0
-->e6321b7d8b2139c1bc39a9b6353c0d8a.uss:::http://store.free-shipping-boots-shoes.com/danskoclog.html:::http://store.free-shipping-boots-shoes.com/danskoclog.html
-->538e2cf7329dc16b83a113b55098c3dc.uss:::http://www.freebears.com/store/product1176.html?gdftrk=khNY5Z5O1fVoXEtq3xOOzNtv05X8vstyaiGttd%7EUIZVIG11JPBmum1opiNd6pQQqUkWtkqLgLq3opFQc%2FPuIm%2F6QKnrf6ODciAiBfC3qj%7EQ_:::http://www.freebears.com/store/product1176.html?gdftrk=khNY5Z5O1fVoXEtq3xOOzNtv05X8vstyaiGttd%7EUIZVIG11JPBmum1opiNd6pQQqUkWtkqLgLq3opFQc%2FPuIm%2F6QKnrf6ODciAiBfC3qj%7EQ_
-->47bcb1a3586eecff9b2a1e408092c763.uss:::http://www.freehook.com/iowa-adult-chair.html:::http://www.nada.com/
-->c314391c12ac29dc81e3fe4a1fc01a26.uss:::http://www.freeovernightshipping.com/product.asp?0=0&1=0&3=3143:::http://www.freeovernightshipping.com/product.asp?0=0&1=0&3=3143
-->9b7bb70d55430b1937a6d00dcbbd400c.uss:::http://www.fruitridgetools.com/storefrontprofiles/processfeed.aspx?sfid=136763&i=12908358&mpid=8171&dfid=1:::http://www.fruitridgetools.com/storefrontprofiles/processfeed.aspx?sfid=136763&i=12908358&mpid=8171&dfid=1
-->b941f608657bb4da7ca54caf9355590e.uss:::http://www.gardenfun.com/squirrel-tree-art.html?productid=squirrel-tree-art&channelid=NEXTA:::http://www.gardenfun.com/squirrel-tree-art.html?productid=squirrel-tree-art&channelid=NEXTA
-->4e68a2a4fe83a7307a2f870419a267cf.uss:::http://www.giftespot.com/tongkat-ali-lj100-source-naturals.html:::http://www.giftespot.com/tongkat-ali-lj100-source-naturals.html
-->3068771351456a087d4987c63dc92f09.uss:::http://www.glamorose.com/ProductDetails.asp?ProductCode=1767&Click=7614:::http://www.glamorose.com/ProductDetails.asp?ProductCode=1767&Click=7614
-->a481e186eb1827293739a45071e35a57.uss:::http://www.fitnesssales.com/ProductDetails.asp?ProductCode=83:::http://www.fitnesssuperstore.com/ProductDetails.asp?ProductCode=83
-->84958311f690b2b064b34454296e6fcc.uss:::http://www.getzs.com/store/customer/product.php?productid=17963:::http://www.getzs.com/customer/product.php?productid=17963
-->7d25b2834df935868326401e3c03f5ef.uss:::http://www.fragrancesupplier.com/womens.cfm?b=OSCAR&prd=cfn-117869&CPR=NXGM:::http://www.fragrancesupplier.com/womens.cfm?b=OSCAR&prd=cfn-117869&CPR=NXGM
-->f16c2012c7610a680fc8140dd1cbc9a3.uss:::http://www.franklin.com/estore/details.aspx?id=TGA-470&referral_code=CYYY00IO:::http://www.franklin.com/?id=TGA-470&referral_code=CYYY00IO
-->719b7aedf67800567cbb81e5d3be9e21.uss:::http://www.galaxytoolsupply.com/ProductDetails.asp?ProductCode=S4401:::http://www.galaxytoolsupply.com/ProductDetails.asp?ProductCode=S4401
-->71b872049017885c21cf1d48d2abba90.uss:::http://gallery804.com/ProductDetail.aspx?ProductID=186409:::http://gallery804.com/ProductDetail.aspx?ProductID=186409
-->7e91b24773fada1fbc684bd1aea527ce.uss:::http://www.futonmattress.com/asp/show_detail.asp?sku=EL2181&refid=XT72-EL2181:::http://www.futonmattress.com/asp/show_detail.asp?sku=EL2181&refid=XT72-EL2181
-->45250d90268e8d399de5c1a95e44b43e.uss:::http://www.gametablesinc.com/a/14724544:::http://www.gametablesinc.com/c/redirect?moveon=%2Fp%2Fcarrom-championship-combo-multi-game-table%3Futm_source%3DNexTag%26utm_medium%3DShopbots%26utm_term%3Dwww.gametablesinc.com%26utm_campaign%3D14724544__carrom_championship_combo_multi_game_table&server=www.gametablesinc.com
-->2ba208713e771c92debd3f9e2adb1c61.uss:::http://www.futons-store.com/a/13297894:::http://www.futons-store.com/c/redirect?moveon=%2Fp%2Fsimmons-mesa-futon-futon%3Futm_source%3DNexTag%26utm_medium%3DShopbots%26utm_term%3Dwww.futons-store.com%26utm_campaign%3D13297894__simmons_mesa_futon_futon&server=www.futons-store.com
-->2a3b6bcdcf76b250a64e798b20fb8570.uss:::http://www.feelfoxy.com/ProductDetails.asp?ProductCode=YX038&gdftrk=gdfV21194_a_7c422_a_7c4914_a_7cYX038:::http://www.feelfoxy.com/Clear_Bra_Straps_p/yx038.htm?gdftrk=gdfV21194_a_7c422_a_7c4914_a_7cYX038
-->fa33449d65493216277d7141c30d3a91.uss:::http://www.futurepowerpc.com/scripts/details.asp?PRDCODE=MYPN-N1GSD1333&REFID=NT&RP=28C023A9B73A9F49E3F9B2E9FFFE42BB546B2464ED3F14A6E8B77E3105411A7436DCD64F16D393C3D5E632091FE443C3:::http://www.futurepowerpc.com/scripts/product.asp?PRDCODE=MYPN-N1GSD1333&REFID=NT&RP=28C023A9B73A9F49E3F9B2E9FFFE42BB546B2464ED3F14A6E8B77E3105411A7436DCD64F16D393C3D5E632091FE443C3
-->93fc07318e08292bf139435dec4123d8.uss:::http://store.freedelivery4u.com/papvdica2.html:::http://www.freedelivery4u.com
-->829688b2fc2506182b0febc90316e891.uss:::http://www.fragranceave.com/mf-sentiment-et17.html:::http://www.fragranceave.com/mf-sentiment-et17.html
-->de799ef35cac70d4409518841e31a975.uss:::http://www.fitnesssuperstore.com/ProductDetails.asp?ProductCode=q37:::http://www.fitnesssuperstore.com/Octane-q37e-Elliptical-USED-p/q37.htm
-->5e657a54967d7f1925b38d6d8756b8fd.uss:::http://www.fashionremix.com/dolce-and-gabbana-gym-sport-tees-for-men-black-p1206.html:::http://www.fashionremix.com/dolce-and-gabbana-gym-sport-tees-for-men-black-p1206.html
-->fa418149a282c12911c5df95d1af01c1.uss:::http://fitnessgearusa.com/pd-garmin-foot-pod-010-11092-00.cfm?gdftrk=gdfV2738_a_7c860_a_7c3933_a_7c921:::http://fitnessgearusa.com/pd-garmin-foot-pod-010-11092-00.cfm?gdftrk=gdfV2738_a_7c860_a_7c3933_a_7c921
-->7747c796bc4cfa3f7c70bf06af03364a.uss:::http://www.gladiatorlighting.com/products/philips-140400-cdm-tm-20w-830-t3-5-cl.html:::http://www.gladiatorlighting.com/140400
-->eff099d55f62e81deef28d08bf87e3fe.uss:::http://www.gammonvillage.com/white_swan_mah_jongg_white_tiles_aluminum_case_black.cfm:::http://www.gammonvillage.com/mah-jong-shop/american-mah-jong-sets-white-tiles/white_swan_mah_jongg_white_tiles_aluminum_case_black.cfm
-->e2a681e5c2786232cd092cc799ab2d4e.uss:::http://www.fontainefaucets.com/items/item.aspx?itemid=2133693:::http://www.fontainefaucets.com/s.nl?search=items+item&itemid=2133693
-->4d7db508f505dd59739f4663ccc4d570.uss:::http://www.frish.com/index.php3?SCREEN=item&item=361&department=788:::http://www.frish.com/index.php3?SCREEN=item&item=361&department=788
-->723dea1f5065d0bd9b8800b4a3e947c8.uss:::http://www.freepedegg.com/?mid=520740&gdftrk=gdfV23675_a_7c1679_a_7c7477_a_7c14236001113:::https://www.freepedegg.com/?mid=520740&gdftrk=gdfV23675_a_7c1679_a_7c7477_a_7c14236001113
-->9cc0e3f3810762773dc7347f6f7433eb.uss:::http://www.fitnessanywhere.com/page/000-94127/PROD/TRXPACK:::http://www.trxtraining.com/page/000-94127/PROD/TRXPACK
-->976bd323849eab0d3f3796d707a957ab.uss:::http://www.fitnessfactory.com/Home/item.cfm?id=3173:::http://www.fitnessfactory.com/Home/item.cfm?id=3173
-->e6159bf166f996f401f841dedce8664f.uss:::http://georgiogifts.com/product.asp?itemid=63:::http://www.georgiogifts.com/PHILIPS-KITCHENOFFICE-CLOCK-RADIO-WITH-7-INCH-DIGITAL-TV_p_63.html
-->50e848840fe2cd26e13af56777d5285e.uss:::http://www.gearwest.com/nike-pro-compression-short-m-pr-8907365.html:::http://www.gearwest.com/nike-pro-combat-compression-short-pr-8907365.html
-->c1e08fc1e121268c429f582b475812b6.uss:::http://www.glassesdiscounters.com/Ray-Ban-2132-New-Wayfarer-Sunglasses-p125.html:::http://www.glassesdiscounters.com/cart.php
-->1e960cac42450d927d78ec85d078847d.uss:::https://www.filingsuppliesonline.com/p-642-smead-manila-file-jackets-reinforced-tab-flat-legal-size-box-of-100.aspx:::http://www.filingsuppliesonline.com/showproduct.aspx?ProductID=642&SEName=smead-manila-file-jackets-reinforced-tab-flat-legal-size-box-of-100
-->198c935ab37905c1b350347ebe3b6b86.uss:::http://www.fragrancehouse.com/ui/ItemDetail.aspx?Id=4072&redirect=true:::http://www.fragrancehouse.com/ui/ItemDetail.aspx?Id=4072&redirect=true
-->5863f82a9113818bfdbe05377d964ef7.uss:::http://www.furnitureonline4you.com/Office-Chair-Executive-Leather-High-back-8200-p190.html:::http://www.furnitureonline4you.com/Office-Chair-Executive-Leather-High-back-8200-p190.html
-->9e34644dfd7e6b06d74e408a9bd0b892.uss:::http://www.jumbocandy.com/productDetail.aspx?pid=614:::http://www.jumbocandy.com/productDetail.aspx?pid=614
-->c969388ab0f70f54d60cd72e09e13dfd.uss:::http://www.knowledgemicro.com/detail.php?p=NET-GS108&c=NT:::http://www.knowledgemicro.com/detail.php?p=NET-GS108&c=NT
-->1e59024b23f47bd49c030a9f4efbdb45.uss:::http://www.laptopadapter.com/28coevon1sel.html:::http://www.laptopadapter.com/28coevon1sel.html
-->fc6b70efd41beffcc5e98912239d5981.uss:::http://www.liquidation-kings.com/wicker-mail-sorting-basket.html?productid=wicker-mail-sorting-basket&channelid=NEXTA:::http://www.liquidation-kings.com/wicker-mail-sorting-basket.html?productid=wicker-mail-sorting-basket&channelid=NEXTA
-->d00a2832d25b176f810d855cec4aae44.uss:::http://www.lowcostbatteries.com/Craftsman_973.224440_Power-Tool-batteries_24197_part_B-8293.htm:::http://www.lowcostbatteries.com/Craftsman_973.224440_Power-Tool-batteries_24197_part_B-8293.htm
-->12c402c9ee87b1bead75f15353277e26.uss:::http://WWW.LOWPRICESKATES.COM/chicago-deluxe-mens.aspx?AdID=305--CRS805:::http://WWW.LOWPRICESKATES.COM/chicago-deluxe-mens.aspx?AdID=305--CRS805
-->20ba31f82f521134d633f637223e59e8.uss:::http://www.lowtag.com/sbs2003.html:::http://www.lowtag.com/sbs2003.html
-->724853bd3baf9b5b380f2303c55cb592.uss:::http://store.luxmoda.com/yhst-15000194228111/feha8bbr.html:::http://store.luxmoda.com/yhst-15000194228111/feha8bbr.html
-->0f6cc7ce4774a9b0f0c5bb7fceb7b233.uss:::http://shop.lydiasuniforms.com/shop/Merrell_Medical_Shoes_-_Ladies_Jungle_Moc_Pro_szp.html?p_prodid=700&p_catid=98&ovchn=NXT&ovcrn=Lydias+Product+Feed&ovtac=CMP&afsrc=1:::http://shop.lydiasuniforms.com/shop/Merrell_Medical_Shoes_-_Ladies_Jungle_Moc_Pro_szp.html?p_prodid=700&p_catid=98&ovchn=NXT&ovcrn=Lydias+Product+Feed&ovtac=CMP&afsrc=1
-->2922f9502056a7abdb954469e7a6bb5b.uss:::http://magnatek1.com/proddetail.asp?prod=st9120821as:::http://magnatek1.com/proddetail.asp?prod=st9120821as
-->ad7945d643203e82bac517848cb9ffb7.uss:::http://www.MASSAGECHAIRSELECT.COM/Common/Product/Product.aspx?ID=57244&SrcID=520671:::http://www.MASSAGECHAIRSELECT.COM/Common/Product/Product.aspx?ID=57244&SrcID=520671
-->ec3e3e149f695ea87ce4574d2d0c7102.uss:::http://www.MayFairDigital.com/productdetail.asp?level=81&catid=115&productid=1165:::http://www.MayFairDigital.com/productdetail.asp?level=81&catid=115&productid=1165
-->4b09316e230c1d67de64c80879291889.uss:::http://www.mcmshoppe.com/barbie-b-bright-learning-laptop/:::http://www.mcmshoppe.com/barbie-b-bright-learning-laptop/
-->c1593c68573f92783921829922486c05.uss:::http://www.medicalsupplydirect.com/default.htm:::http://www.medicalsupplydirect.com/default.htm
-->2dace04eb241c8b25b8a8cdd7e560e1c.uss:::http://www.memory4less.com/m4l_itemdetail.asp?rid=fd_07&itemid=27205146:::http://www.memory4less.com/m4l_itemdetail.asp?rid=fd_07&itemid=27205146
-->9cc6c24b17e8b8f912d704b7d9cf6270.uss:::http://www.memorysource.com/products/samsung-sp0411n-hdd-zbrg-17040024.htm:::http://www.memorysource.com/products/samsung-sp0411n-hdd-zbrg-17040024.htm
-->b0c25922d10cefe16d56cff9016872d3.uss:::http://www.MerlinsBox.com/ProductDetails.asp?ProductCode=11-02139&click=3102&gdftrk=tgiEv%7ESAp%2Fs9yC8ETfMzIjnYh0np%7EdgYmxx%7Eu3xYoy9Cz%7Ey4uTn0VQR1udT46N4gEn1LUrNbafsNGhBrUGuuC2HAN619a2iYSQdZa1ydnBus1sRgkxbEjqyNkiIJUtufoM7SucX2fBULihQzynZ9San5gKQ2SzgNy1xLXus7kKk_:::http://www.MerlinsBox.com/ProductDetails.asp?ProductCode=11-02139&click=3102&gdftrk=tgiEv%7ESAp%2Fs9yC8ETfMzIjnYh0np%7EdgYmxx%7Eu3xYoy9Cz%7Ey4uTn0VQR1udT46N4gEn1LUrNbafsNGhBrUGuuC2HAN619a2iYSQdZa1ydnBus1sRgkxbEjqyNkiIJUtufoM7SucX2fBULihQzynZ9San5gKQ2SzgNy1xLXus7kKk_
-->8eb70564b7dc47896d1d6caf87729bcd.uss:::http://www.midwestboots.com/Merchant2/merchant.mvc?Screen=PROD&Product_Code=DH_DH5221:::http://www.midwestboots.com/Merchant2/merchant.mvc?Screen=PROD&Product_Code=DH_DH5221
-->d8d53d1dcac1c8da2aec866aa7926228.uss:::http://WWW.JNJSUPPLY.COM/dewaltdw660skcut-outtoolkit.aspx:::http://WWW.JNJSUPPLY.COM/dewaltdw660skcut-outtoolkit.aspx
-->534898e2bb6b40d1d301433ce1043fa5.uss:::http://www.jselectro.com/index.php?dispatch=products.view&product_id=45:::http://www.jselectro.com/index.php?dispatch=products.view&product_id=45
-->545a479447f91679775e9dd9704b21e5.uss:::http://www.jtfbus.com/supply-pic/90-525.jpg:::http://www.jtfbus.com/supply-pic/90-525.jpg
-->ca47d248f4a2ed35c6e327fbb10f9358.uss:::http://www.kahlon.com/searchmodel.asp?oem_client=client&exact_partial=exact&criteria=BGAT-6508&ovchn=NXT&ovcpn=pg_listings&ovcrn=BGAT-6508&ovtac=CMP:::http://www.kahlon.com/searchmodel.asp?oem_client=client&exact_partial=exact&criteria=BGAT-6508&ovchn=NXT&ovcpn=pg_listings&ovcrn=BGAT-6508&ovtac=CMP
-->0e9e462b4a939b9684ca4e53393b4ffd.uss:::http://www.keystoneoffice.com/safes/phoenix-fire-safe-1233f.php:::http://www.keystoneoffice.com/safes/phoenix-fire-safe-1233f.php
-->33f9f3c5cc2fb61dcca5db5f2db9d1e7.uss:::http://www.kotulas.com/webapp/wcs/stores/servlet/ProductDisplay?catalogId=10051&storeId=10001&productId=12122:::http://www.kotulas.com/webapp/wcs/stores/servlet/ProductDisplay?catalogId=10051&storeId=10001&productId=12122
-->907c03c7a373ee1caa9520c3ad18db9a.uss:::http://www.lamoodbighats.com/big-head-driving-caps-mesh-black.html:::http://www.lamoodbighats.com/big-head-driving-caps-mesh-black.html
-->8855b427aacae82f9c8d383356817513.uss:::http://stores.laptopsfast.com/-strse-318/HP-EliteBook-6930p-P8400/Detail.bok:::http://stores.laptopsfast.com/-strse-318/HP-EliteBook-6930p-P8400/Detail.bok
-->e4ac4de22a8f09ca42ff7665c4441279.uss:::http://www.loftbed-store.com/a/13018499:::http://www.loftbed-store.com/c/redirect?moveon=%2Fp%2Fcoaster-company-twin-over-twin-bunk-bed-460243-bunk-bed%3Futm_source%3DNexTag%26utm_medium%3DShopbots%26utm_term%3Dwww.loftbed-store.com%26utm_campaign%3D13018499__coaster_company_twin_over_twin_bunk_bed_460243_bunk_bed&server=www.loftbed-store.com
-->5abde78b095ee6268d79b6ead82ede7c.uss:::http://love-scent.com/essence-woman-sex-pheromones-p-35.html:::http://love-scent.com/essence-woman-sex-pheromones-p-35.html
-->67a6956b2dee5995b1e8c39709e2c064.uss:::http://www.massage-chair-superstore.com/a/816536:::http://www.massage-chair-superstore.com/c/redirect?moveon=%2Fp%2Finteractive-health-human-touch-125-electronic-massage-chair%3Futm_source%3DNexTag%26utm_medium%3DShopbots%26utm_term%3Dwww.massage-chair-superstore.com%26utm_campaign%3D816536__HT_125%2BHuman%2BTouch%2B2B%2B2B8482%2B2B%2BRobotic&server=www.massage-chair-superstore.com
-->500135e001d94de01cd0e4df3e75f152.uss:::http://shop.meilihats.com/White-Knit-Hat-with-White-Fur-MLFWW.htm:::http://shop.meilihats.com/White-Knit-Hat-with-White-Fur-MLFWW.htm
-->1c2b83838a8ecda1aaf0b6e215452f3b.uss:::http://www.metal-detector-superstore.com/a/138177:::http://www.metal-detector-superstore.com/c/redirect?moveon=%2Fp%2Ffamous-trails-discriminator-metal-detector%3Futm_source%3DNexTag%26utm_medium%3DShopbots%26utm_term%3Dwww.metal-detector-superstore.com%26utm_campaign%3D138177__Discriminator&server=www.metal-detector-superstore.com
-->969cbb8bcebb3f14c115e11b6909d3a9.uss:::http://www.jarsupplier.com/product.asp?itemid=33:::http://www.jarsupplier.com/cgi-sys/suspendedpage.cgi?itemid=33
-->b9779344d7da5cdd215107f09bc30540.uss:::http://www.kaplantoys.com/store/trans/productDetailForm.asp?CatID=3%7C0%7C0&PID=47430&area=next&WT.srch=1:::http://www.kaplantoys.com/store/trans/productDetailForm.asp?CatID=3%7C0%7C0&PID=47430&area=next&WT.srch=1
-->8cfa7c0d7b1b64ae5c4a7284c01806f2.uss:::http://www.lakesidegift.com/60-elizabeth-arden-ceramide-advanced-time-complex-capsul60.html:::http://www.lakesidegift.com/60-elizabeth-arden-ceramide-advanced-time-complex-capsul60.html
-->89027acbfd681387f8673d176a9b508d.uss:::http://www.localbattery.com/drystoreglobal.html:::http://www.localbattery.com/drystoreglobal.html
-->caa7bff5715ac2b06fbc3b363e3d8f8f.uss:::http://www.mcqueenlabs.com/coldstorage/thermo-rel-1204a.html:::http://www.mcqueenlabs.com/coldstorage/thermo-rel-1204a.html
-->42d0b3c5697cba3cf5908b6cc147321b.uss:::http://www.mcssl.com/store/davismetalpowdercoatingllc/catalog/product/d24fb118c5bb49b29cdf79b0e5d6b13b:::http://www.mcssl.com/store/davismetalpowdercoatingllc/catalog/product/d24fb118c5bb49b29cdf79b0e5d6b13b
-->39d0d08639de33e13fca1c20e0d4f95c.uss:::http://www.mexicantrainfun.com/spinner-dominos-travel.html:::http://www.mexicantrainfun.com/spinner-dominos-travel.html
-->026f7e158f84ca82b5cf86f4528d7d76.uss:::http://www.modatoday.com/fewa8mbe.html:::http://www.modatoday.com/fewa8mbe.html
-->7878a19319fc313095366ac445f77a4f.uss:::http://jademine.com/jade_shop/product_info.php?products_id=373:::http://jademine.com/jade_shop/product_info.php?products_id=373
-->265ee8a4a4dee228ed3a613e9fe6ce80.uss:::http://www.jefferspet.com/product.asp?pn=HU-L1&crcat=Direct&crkw=Lasting+Memorials:::http://www.jefferspet.com/product.asp?pn=HU-L1&crcat=Direct&crkw=Lasting+Memorials
-->01dd36085d1c0fb2f6333d3aabc11c38.uss:::http://jerichowine.com/item.asp?PID=748:::http://jerichowine.com/item.asp?PID=748
-->9419075dd0e1e3d8edf730548fd0da01.uss:::http://www.JoggerStrollersOnline.com/instep-grand-safari-swivel-double-jogger-yellow-gray-ar282-p-2289.html:::http://www.JoggerStrollersOnline.com/instep-grand-safari-swivel-double-jogger-yellow-gray-ar282-p-2289.html
-->a870fb2a192317ff316908026157983b.uss:::http://www.kencostore.com/Retailers-Kits/Standard-Tagger-Kit/ProductDetail.aspx?pid=3019:::http://www.kencostore.com/Retailers-Kits/Standard-Tagger-Kit/ProductDetail.aspx?pid=3019
-->866d0a8bf18df54b6607d8ef74f62c30.uss:::http://www.kingcleaning.com/pofl24frmosq2.html:::http://www.kingcleaning.com/pofl24frmosq2.html
-->847d5297e67d461c613bfc53e3221d2b.uss:::http://www.kitchenmixersandmore.com/index.php?main_page=product_info&products_id=192:::http://www.builderssquare.com
-->b57e6481256c3e6ac6803e9123ef7f1d.uss:::http://www.ladyquarters.com/servlet/the-1263/Hanes-Sporty-Bikini-P420SC/Detail?zmac=99:::http://www.ladyquarters.com/servlet/the-1263/Hanes-Sporty-Bikini-P420SC/Detail?zmac=99
-->7d0dd644eeb390b8b29a9c1e76d31669.uss:::http://www.langalaxy.com/showroom/62398.cfm:::http://www.langalaxy.com/showroom/62398.cfm
-->0537e1ecc3e229e1377f8c5f49bc10dc.uss:::http://www.laprimashops.com/Bialetti-Cappuccino-and-Latte-Set_p_35-89.html:::http://www.laprimashops.com/Bialetti-Cappuccino-and-Latte-Set_p_35-89.html
-->7f775ab53446874adec8c9af14aa2bb2.uss:::http://www.LaptopsHome.com/product--N1203BL-022:::http://www.LaptopsHome.com/product--N1203BL-022
-->6cf5cf6877d79fa062d110e2b0c40c68.uss:::http://www.lavinialingerie.com/sheer-low-rise-thongs-6373.html?gdftrk=gdfV21353_a_7c599_a_7c1934_a_7c6373:::http://www.lavinialingerie.com/sheer-low-rise-thongs-6373.html?gdftrk=gdfV21353_a_7c599_a_7c1934_a_7c6373
-->a5984a570df68466a951ef5c03c2730a.uss:::http://www.lbtoys.com/product-details.asp?productID=7630:::http://www.lbtoys.com/product-details.asp?productID=7630
-->db030d139d3f791a0a4086709fd05a25.uss:::http://www.lensway.com/contact-lenses/hydrasoft-aphakic-dw/prod94012.html?seg=cse&cmp=datafeed:::http://www.lensway.com/contact-lenses/hydrasoft-aphakic-dw/prod94012.html?seg=cse&cmp=datafeed
-->60281384f0fe6bfaaa3fd78350bee37b.uss:::http://www.magazines.com/product/antique-week-eastern-edition?affiliate_id=7123:::http://www.magazines.com/product/antique-week-eastern-edition?affiliate_id=7123
-->9054a205f1a12bceaba333418bc76165.uss:::http://www.mapleleafmeds.com/pricedetail.aspx?drugname=Nexium&affiliate=1217:::http://www.mapleleafmeds.com/pricedetail.aspx?drugname=Nexium&affiliate=1217
-->74f348e8606c44d66ce89495ed48e457.uss:::http://www.masterfaucet.com/clarissa-contemporary-square-sinks-espresso-double-vanity-p-2118.html:::http://www.masterfaucet.com/clarissa-contemporary-square-sinks-espresso-double-vanity-p-2118.html
-->2743445e12b8c744be00ada89b7a8780.uss:::http://www.masterwholesale.com/mwistore/search.php?offset=24:::http://www.masterwholesale.com/mwistore/search.php?offset=24
-->6be3581f64323199d34565cb5ade469a.uss:::http://www.mediasupplier.com/typivdltcar.html:::http://www.mediasupplier.com/typivdltcar.html
-->bb98b0bc3ae8b4b3a4137f860aa2908b.uss:::http://www.mednetdirect.com/ProductDetails.asp?ProductCode=MDS80441:::http://www.mednetdirect.com/ProductDetails.asp?ProductCode=MDS80441
-->782c876e27a3fb85a5905b1054f89c5d.uss:::http://www.modernvisions.com/reflectmirror.html?productid=reflectmirror&channelid=NEXTA:::http://www.modernvisions.com/reflectmirror.html?productid=reflectmirror&channelid=NEXTA
-->4434a67040f2802254b0613036581ceb.uss:::http://www.junebugtoys.com/products/Green-Toys-Tea-Set.html:::http://www.junebugtoys.com/products/Green-Toys-Tea-Set.html
-->52d6d3eaf33aa3787df49e4d9991adf3.uss:::http://reviews.us.levi.com/1341/11663744/reviews.htm:::http://reviews.us.levi.com/1341/11663744/reviews.htm
-->9e6fc573837ad0a25939e63c7196129b.uss:::http://www.magazineline.com/magazineline/kiplinger'spersonalfinance.htm:::http://www.magazineline.com/magazineline/kiplinger'spersonalfinance.htm
-->8334d5665b34e3967d37f296c83cf9a6.uss:::http://www.merrell.com/US/en-us/Product.mvc.aspx/17212W/35467?CID=CSE-Merr2-10:::http://www.merrell.com/US/en
-->ea3877416edeb82cee0b00fe75d4c626.uss:::http://www.mindware.com/p/Wooden-Vehicle-Construction-Kits-Set-of-2/45212?SG=PMDDF:::http://www.mindware.com/p/Wooden-Vehicle-Construction-Kits-Set-of-2/45212?SG=PMDDF
-->f4ff482d29ebfd780e6530266a6350c1.uss:::http://www.modernherbshop.com/ProductDetails.asp?ProductCode=SUIMED-Red+Flower+Oil&Click=5257:::http://www.modernherbshop.com/ProductDetails.asp?ProductCode=SUIMED-Red+Flower+Oil&Click=5257
-->17a1f1736b41062faaf01233b68ebc7b.uss:::http://keenzo.com/showproduct.asp?ID=919:::http://keenzo.com/products.asp
-->0e62d4f8c46db57beca847ecf58a98b0.uss:::http://www.keepdoggiesafe.com/petcorrector.html:::http://www.keepdoggiesafe.com/petcorrector.html
-->c77b0c9f2da6a7200bd601e14bca7242.uss:::http://www.kegerator.com/Oasis-Kalix-Series-Cook-N%27-Cold-Water-Cooler-White-504181/504181,default,pd.html:::http://www.kegerator.com/Oasis-Kalix-Series-Cook-N%27-Cold-Water-Cooler-White-504181/504181,default,pd.html
-->449800e220d0646fd959b9d9976ab7b8.uss:::http://store.kitchenclique.com/53237.html:::http://store.kitchenclique.com/53237.html
-->8dfc39a9a46e34f16d19f159fd20f1c1.uss:::http://www.lamphunter.com/ProductDetails.asp?ProductCode=6620TZ:::http://www.lamphunter.com/ProductDetails.asp?ProductCode=6620TZ
-->3114ec8f9edcf788250b42ff32040d97.uss:::http://shop.leapfrog.com/leapfrog/jump/Fridge-Phonics%3A-Magnetic-Alphabet-Set/productDetail/Fridge-Magnetic-Toys/lfprod20305/cat90023:::http://shop.leapfrog.com/leapfrog/jump/Fridge-Phonics%3A-Magnetic-Alphabet-Set/productDetail/Fridge-Magnetic-Toys/lfprod20305/cat90023
-->526f6b16497448e9a6b60b9db446d3ba.uss:::http://manukahoneytx.com/index_files/Page321.htm:::http://manukahoneytx.com/index_files/Page321.htm
-->e4be8bfae15e24d8694b3df3c630270b.uss:::http://www.jpimall.com/oral-care/electric-toothbrush-waterpik-synchrosonic-dt300.aspx:::http://www.jpimall.com/oral-care/electric-toothbrush-waterpik-synchrosonic-dt300.aspx
-->846ee92ea83214fb30a3a73d3098e66e.uss:::http://adfarm.mediaplex.com/ad/ck/711-10759-3386-2?loc=http%3A%2F%2Fhalf.ebay.com%2Fcat%2Fbuy%2Fprod.cgi%3Fcpid%3D1132981414%26domain_id%3D382%26ad%3D58339%26gateway%3D1:::http://adfarm.mediaplex.com/ad/ck/711-10759-3386-2?loc=http%3A%2F%2Fhalf.ebay.com%2Fcat%2Fbuy%2Fprod.cgi%3Fcpid%3D1132981414%26domain_id%3D382%26ad%3D58339%26gateway%3D1&no_cj_c=1&upsid=603564862622
-->831fc579dde4d3db86cfed1476db87e9.uss:::http://www.meldingtechnology.com/Store/tabid/63/ProdID/2310/Language/en-US/default.aspx:::http://www.meldingtechnology.com/Store/tabid/63/ProdID/2310/Language/en-US/default.aspx
-->f149995c6c2f5f4f9c9b15816dd8f1f8.uss:::http://www.jogging-stroller-superstore.com/a/11851633:::http://www.jogging-stroller-superstore.com/c/redirect?moveon=%2Fp%2Fschwinn-joyrider-jogging-stroller-stroller%3Futm_source%3DNexTag%26utm_medium%3DShopbots%26utm_term%3Dwww.jogging-stroller-superstore.com%26utm_campaign%3D11851633__schwinn_joyrider_jogging_stroller_stroller&server=www.jogging-stroller-superstore.com
-->0138266e51f120bf04580c27c6aee3a0.uss:::http://www.kidsbed-store.com/a/13022494:::http://www.kidsbed-store.com/c/redirect?moveon=%2Fp%2Fcoaster-company-twin-over-twin-bunk-bed-460243-bunk-bed%3Futm_source%3DNexTag%26utm_medium%3DShopbots%26utm_term%3Dwww.kidsbed-store.com%26utm_campaign%3D13022494__coaster_company_twin_over_twin_bunk_bed_460243_bunk_bed&server=www.kidsbed-store.com
-->06d65830276e68c9420ad9d60d91f664.uss:::http://www.kitchenandrestaurant.com/ProductDetails.asp?ProductCode=JR-9108:::http://www.kitchenandrestaurant.com/ProductDetails.asp?ProductCode=JR-9108
-->2aea0753e70ce7a918eb766572ba83ef.uss:::http://www.kitchenscales-store.com/a/12741845:::http://www.kitchenscales-store.com/c/redirect?moveon=%2Fp%2Fgreen-power-gold-multi-purpose-juicer%3Futm_source%3DNexTag%26utm_medium%3DShopbots%26utm_term%3Dwww.kitchenscales-store.com%26utm_campaign%3D12741845__green_power_gold_multi_purpose_juicer&server=www.kitchenscales-store.com
-->c090f99ae7bf1bbb84485d1a33ad8718.uss:::http://www.larsonjewelers.com/p-86-orlando-domed-polished-finish-tungsten-wedding-band-12-mm.aspx:::http://www.larsonjewelers.com/p-86-orlando-domed-polished-finish-tungsten-wedding-band-12-mm.aspx
-->d0d5c1be388a0a2c08c3bb6f043db85f.uss:::http://www.lookagifthorse.com/ProductDetails.asp?ProductCode=PHB101:::http://ww35.lookagifthorse.com/ProductDetails.asp?ProductCode=PHB101
-->f668ee55b34be138c840fe96e2d731c3.uss:::http://www.legendsareforever.com/Philadelphia-Phillies-Mascot-Wooden-Alphabet-Blocks_p_100627.html:::http://www.legendsareforever.com/error.asp?error=102&catalogid=100627&prdinc=1
-->30ce5a9454e797c7dddd14afc49ceacf.uss:::http://www.microtelinn.com/MicrotelInn/control/Booking/check_avail?propBrandId=MT&id=05756:::http://www.microtelinn.com/hotels/california/anaheim/ramada-maingate-at-the-park-anaheim-ca/hotel-overview?brand_id=MT&hotel_id=05756
-->d04052728d054d613fdb8a24427d3f55.uss:::http://www.jarstore.com/product.asp?itemid=33:::http://www.jarstore.com/2-Gallon-Anchor-Montana-Jar-with-Black-Lid_p_33.html
-->48f7f85dbc22b253070f94a13c31202a.uss:::http://www.kineticskateboarding.com/product_detail.cfm?Product=DC+STANDARD+BACKPACK+%28BLACK+%28BLK%29%29&CatID=975&PID=12855:::http://www.kineticskateboarding.com
-->a6789fc67b3fb728b06191ef9bb09336.uss:::http://www.justblinds.com/products/76848?width=46.00&height=46.00&width_eigth=0&height_eigth=0&zmam=2546916&zmas=3&zmac=18&zmap=768484646:::http://www.justblinds.com/products/76848?width=46.00&height=46.00&width_eigth=0&height_eigth=0&zmam=2546916&zmas=3&zmac=18&zmap=768484646
-->5d2540fcfc26c4ce3516c9346127f43d.uss:::http://www.mintproducts.com/product.php?productid=16951:::http://www.mintproducts.com/1921-d-morgan-dollar-uncirculated-condition.html
-->4964a7b9bbb22758b9daca8648772039.uss:::http://www.ktoys.com/store/trans/productDetailForm.asp?CatID=1%7C0%7C0&PID=00581&area=next&WT.srch=1:::http://www.kaplantoys.com/store/trans/productDetailForm.asp?CatID=1%7C0%7C0&PID=00581&area=next&WT.srch=1
-->9647bb62aefd0c01c65704939da83872.uss:::http://MANDYSONLINE.COM/index.asp?PageAction=VIEWPROD&ProdID=344:::http://www.mandysonline.com
-->2fab86da2a586d7ef1cc8ca0d158ad9e.uss:::http://www.joylot.com/page/Ray-Ban-RB-4039-Sunglasses-RayBan-RB4039-Matte-Black-601S-81-Polarized-531229824.cfm:::http://www.joylot.com/page/Ray-Ban-RB-4039-Sunglasses-RayBan-RB4039-Matte-Black-601S-81-Polarized-531229824.cfm
-->18ef99df230c0d1148c9bda6bf5a31ad.uss:::http://www.mondofood.com/product_info.php?products_id=602:::http://www.mondofood.com/product_info.php?products_id=602
-->bcb6e7b3c9915b2f2e1dcd5ea8c88aa2.uss:::http://jhsuperstore.com/product/74100_m/187_/Jensen_JiSS-115_Portable_Docking_CD_Music_System_for_iPod_1053774100M.html:::http://www.jhsuperstore.com/product/74100_m/187_/Jensen_JiSS-115_Portable_Docking_CD_Music_System_for_iPod_1053774100M.html
-->2c7f63a65b6f40dca6a3e5d019ae8870.uss:::http://kestrelmeters.com/kestrel-1000.htm:::http://www.kestrelmeters.com/kestrel-1000.htm
-->58c18341ad0866db0d8adab77183290e.uss:::http://www.lcdmountsonline.com/asp/show_detail.asp?sku=UNR1002&refid=XT128-UNR1002:::http://www.mountsandmore.com/TV-Mounts-C135.html?sku=UNR1002&refid=XT128-UNR1002
-->b1eb86f94b9db37ee07744f214e6e4a9.uss:::http://store.kidsinkstore.com/yhst-33977255038440/628.html:::http://www.kidsinkstore.com/628.html
-->cf1c19449a71f94700b893a59dd056d8.uss:::http://www.miniatures.com/hbs/global/Index2.asp?I=aa_ProductDetail.asp&P=58017&media=WNXTX:::http://www.miniatures.com/The-Brookwood-Dollhouse-by-Greenleaf-P19813.aspx
-->84544464e237e9dc00b74faf4b492ab1.uss:::http://www.liftchairs.com/Pride_Gentle_Line%3A_GL_358_Large/p/109/c/20/?tar=109:::http://www.liftchairs.com/Pride_Heritage%3A_LC_358_Large%2C_3_Position/p/109/c/20/
-->cd8e8f3f9e1edd9a021a33556f09e7e6.uss:::http://www.kestrelmeters.com/Kestrel-1000-wind-meter.pro:::http://www.kestrelmeters.com/products/kestrel-1000-wind-meter
-->46a549320c9697b341a90a013bb7a761.uss:::http://MassageWarehouse.com/itemdetail.asp?item=737+0019:::http://www.massagewarehouse.com/
-->2df8fef09e72435694e02d608ce38ea0.uss:::http://www.karmaclassic.com/products/Disposables.html:::http://karmaclassic.com/disposable-electronic-cigarette/
-->a5f40a1b3ee4f64f9b42d0c023ffc63c.uss:::http://www.LensDiscounters.com/contact_lenses/CLEH2OXHV/Extreme-H2O-59-Xtra.html?gdftrk=gdfV21501_a_7c1099_a_7c5610_a_7cCLEH2OXHV:::http://www.LensDiscounters.com/contact_lenses/CLEH2OXHV/Extreme-H2O-59-Xtra.html?gdftrk=gdfV21501_a_7c1099_a_7c5610_a_7cCLEH2OXHV
-->eed79da93e6e2e986a0f6b13552a0726.uss:::http://www.ma-tea.com/products/2.2-lb-Taragui-Yerba-Mate-Tea.html:::http://ma-tea.com/2-2-lb-taragui-yerba-mate-tea/
-->104f2de3b341b76c4a6b43938c14ffd2.uss:::http://www.knightsinn.com/KnightsInn/control/Booking/check_avail?propBrandId=KG&id=05756:::http://www.knightsinn.com/hotels/california/anaheim/ramada-maingate-at-the-park-anaheim-ca/hotel-overview?brand_id=KG&hotel_id=05756
-->11aad6127477637955e1670b4bfc8568.uss:::http://www.logsplittersdirect.com/Swisher-LS12534H12V/p4772.html:::http://www.logsplittersdirect.com/Swisher-LS12534H12V-Log-Splitter/p4772.html
-->f420b97aaa3e446b83cf5d555912fc93.uss:::http://www.just4teeth.com/Violight-VIO200-Travel-Deluxe-Ultraviolet-Toothbrush-Sanitizer/:::http://www.just4teeth.com/Violight-VIO200-Travel-Deluxe-Ultraviolet-Toothbrush-Sanitizer
-->9a85bdb0114408e164b289d5a38b78d9.uss:::http://www.lightingbygregory.com/store/fp-91770.html?lbgc=ntag_119599:::http://lightingbygregory.com/lighting/product/fp-91770.html?lbgc=ntag_119599
-->5d5dcd566d9fd73ce0cd68bcffad6322.uss:::http://www.LeatherUp.com/p/Battery-Chargers/Battery-Tender-Plus-Super-Smart-Charger/142451.html:::http://www.LeatherUp.com/p/Battery-Chargers/Battery-Tender-Plus-Super-Smart-Charger/142451.html
-->6182bdb06c3812762dabe214a8932160.uss:::http://www.joggingstroller.com/http://www.joggingstroller.com/Baby-Jogger-City-Mini-Single.pro:::http://www.joggingstroller.com/http://www.joggingstroller.com/Baby-Jogger-City-Mini-Single.pro
-->1fc33fea002096c3ee502490495aff00.uss:::http://lightingfx.com/product.asp?itemid=256:::http://www.lightingfx.com/item--WAC-Monorail-Pendant-Kit--LM-K591
-->577afdf7079a336a1de2d8bef28ce6cc.uss:::http://www.justwineracks.com/asp/show_detail.asp?sku=GG2245&PiID=1022800&refid=XT28-GG2245_1022800:::http://www.justwineracks.com?refid=XT28%2DGG2245%5F1022800
-->9e2dbe2b68930b8a78a8a803fd7c8d6b.uss:::http://www.masseys.com/keycode.cmd?dest=catalog%2Fproduct.jsp%3Fstyle%3D621502&GCID=C16123x007:::http://www.masseys.com/catalog/no_search_results.jsp?Ntt=Skechers+USA+Men's+Verstal+-+Villous+Boot
-->f052b583d7ce89732389d024ede6a60b.uss:::http://www.maxtool.com/index/Digital_Infrared_Non-Contact_Thermometers.asp:::http://www.maxtool.com/index/Digital_Infrared_Non-Contact_Thermometers.asp
-->55cb7533fd9a83154ad1957ad382adb2.uss:::http://www.littlesoftshop.com/adobe-master-collection-cs5-macintosh.html/?gdftrk=gdfV22594_a_7c927_a_7c3503_a_7c65065891:::http://www.littlesoftshop.com/adobe-master-collection-cs5-macintosh.html/?gdftrk=gdfV22594_a_7c927_a_7c3503_a_7c65065891
-->f97cf79e2d4411d24cde7861b805e161.uss:::http://www.leftlanesports.com/Product.aspx?l=00030075007100000000&p=SAL01274&a=MER_NextTag:::http://www.leftlanesports.com/Product.aspx?l=00030075007100000000&p=SAL01274&a=MER_NextTag
-->359b97cbf0419dc04ace8ff3bc8a885e.uss:::http://www.lightingsupply.com/19001AR.aspx:::http://www.lightingsupply.com/19001AR.aspx
-->20206d2fae7b1f4144d92d64ea89f667.uss:::http://www.kardiel.com/lounge-chairs/barcelona-chair-ottoman-beige-ivory-aniline-leather/?gdftrk=gdfV23831_a_7c1861_a_7c7920_a_7cBCO_d_IVORY_d_ANILINE:::http://www.kardiel.com/lounge-chairs/barcelona-chair-ottoman-beige-ivory-aniline-leather/?gdftrk=gdfV23831_a_7c1861_a_7c7920_a_7cBCO_d_IVORY_d_ANILINE
-->cefcf3b780ab87225305ed249370604d.uss:::http://www.keypetsupplies.com/index.php?main_page=product_info&products_id=11728&cPath=266%23custom:::http://www.keypetsupplies.com/index.php?main_page=product_info&products_id=11728&cPath=266%23custom
-->cfe30feb78b01290cac0dbe5abebdc0d.uss:::http://store.luxurytree.com/yhst-54823204883618/73119.html:::http://store.luxurytree.com/yhst-54823204883618/73119.html
-->06b571b6ec560c6b81b4e608d90c27fa.uss:::http://www.lifecaliber.com/Home/Anti-Aging-Supplements/complete-multi-vitamin?leadsource=12&gdftrk=gdfV22366_a_7c1405_a_7c5906_a_7c36:::http://www.lifecaliber.com/Home/Anti-Aging-Supplements/complete-multi-vitamin?gdftrk=gdfV22366_a_7c1405_a_7c5906_a_7c36
-->795fd4fc88543631ec93aa11f2661862.uss:::http://www.marinedepot.com/ps_viewitem.aspx?idproduct=CS0020&child=CS0050:::http://www.marinedepot.com/ps_viewitem.aspx?idproduct=CS0020&child=CS0050
-->1dbfbddcae23ddabc66d8cabb649b1d0.uss:::http://www.knobdeco.com/product_info.php?products_id=20410&cPath=1061:::http://www.knobdeco.com/rusticware-satin-nickel-center-rustic-pull-p-20410.html
-->ce8b8f0847e8da4b3f7f530c6a6819c7.uss:::http://www.mairdi-usa.com/headsets/15-mrd-509r-headset-0609132505232.html:::http://www.mairdi-usa.com/headsets/15-mrd-509r-headset-0609132505232.html
-->712f990664f9c5ca2fa34ef5561010a6.uss:::http://lapalace.com/index.php?main_page=product_info&products_id=6&currency=USD:::http://lapalace.com/index.php?main_page=product_info&products_id=6&zenid=cbmimij9np08in27f44gthl5i3
-->a7247472c85175a7e5e18cb22e732a23.uss:::http://www.logisticsct.com/shop/index.php?route=product%2Fproduct&product_id=802:::http://www.logisticsct.com/shop/index.php?route=product%2Fproduct&product_id=802
-->b7e73f2b2baeb080c53878f8d93925ca.uss:::http://www.quickcanopies.com/sheds/70443.html:::http://www.quickcanopies.com/sheds/70443.html
-->e4a30c0a5cf0fe4a6d5953aed8b77a24.uss:::http://www.radarcity.com/product?prod_id=5759&refer=3:::http://www.radarcity.com/product?prod_id=5759&refer=3
-->f4241a9fb15624befad7de467c542b27.uss:::http://www.radixgear.com/vendors/nextag.cfm?ID=632021:::http://www.radixgear.com/vendors/nextag.cfm?ID=632021
-->a8a1a72fe9524060ddf924005cf8cc20.uss:::http://www.reversetage.com/:::http://www.reversetage.com/
-->935aca07158ab6a76c57e468cdfb9c86.uss:::http://www.rockclimbingtools.com/ProductDetails.asp?ProductCode=MAST000:::http://www.rockclimbingtools.com/ProductDetails.asp?ProductCode=MAST000
-->e0813eca6640a90edbfa8065fc564b6e.uss:::http://royalsilkusa.com/blue-pinstripe-boxers.html:::http://royalsilkusa.com/blue-pinstripe-boxers.html
-->278ab01d41f611c35afd4553bf52a442.uss:::http://www.safebeginnings.com/WebComponents/Catalog/Public/setgroup.asp?groupnum=NXT&num=1111:::http://www.safebeginnings.com/WebComponents/Catalog/Public/setgroup.asp?groupnum=NXT&num=1111
-->154eede25b98200a2dbcc11f9194eef2.uss:::http://www.SafetyWorksUSA.com/pd.asp?productid=112258&ref=NXTAG:::http://www.SafetyWorksUSA.com/pd.asp?productid=112258&ref=NXTAG
-->4addb559d800bd1455afa25d7c08cb95.uss:::http://www.scooterlifts.com/Harmar_AL690_Side_Door_Hybrid/p/402/c/77/&utm_medium=CSE&utm_term=AL690&utm_campaign=Vehicle Lift%20%3E%202%20Scooter Lift%20%3E%202%20Interior Scooter Lifts&utm_source=nextag:::http://www.scooterlifts.com/Harmar_AL690_Side_Door_Hybrid/p/402/c/77/&utm_medium=CSE&utm_term=AL690&utm_campaign=Vehicle Lift%20%3E%202%20Scooter Lift%20%3E%202%20Interior Scooter Lifts&utm_source=nextag
-->72b1e4ea32fa2b27f6af1f3721b8aa7c.uss:::http://www.seasaltsuperstore.com/product_info.php?products_id=948&SeaSaltID=83dc2574d67145ff68f5384af929d6d5:::http://www.seasaltsuperstore.com/product_info.php?products_id=948&SeaSaltID=83dc2574d67145ff68f5384af929d6d5
-->290fc20a5b45c116f4fc14a5eb77ce9c.uss:::http://www.seriouschai.com/tlink.asp?usid=994m-e5f5-nr3m-alko&turl=i9671.asp:::http://www.seriouschai.com/tlink.asp?usid=994m-e5f5-nr3m-alko&turl=i9671.asp
-->7fef9eec9bc1b259b9de0bc4be93fbda.uss:::http://www.razzphoto.com/prodetails.asp?prodid=627356:::http://www.razzphoto.com/prodetails.asp?prodid=627356
-->6e5144999b42848435c4fc8be097fcf8.uss:::http://www.rbsunnies.com/Ray_Ban_Aviator_Styles-Ray_Ban_RB_3044_Aviator_Small_Metal_Size_52mm.html:::http://www.rbsunnies.com/Ray_Ban_Aviator_Styles-Ray_Ban_RB_3044_Aviator_Small_Metal_Size_52mm.html
-->44911594f891cfb72ced9e8786b0c476.uss:::http://www.realtoothbrushdeals.com/colgate-prevident-5000-boosterspear5000.html:::http://www.realtoothbrushdeals.com/collections/colgate/products/colgate-prevident-5000-boosterspear5000
-->8b40d76b6f17eaeb430fe462943b42cb.uss:::http://www.reelflyrod.com/product.sc?categoryId=204&productId=978:::http://www.reelflyrod.com/product.sc?categoryId=204&productId=978
-->248ad80984989a327e897e4c18cfb1e0.uss:::http://www.rescuepetstore.com/product/2300NCP.html:::http://www.rescuepetstore.com/product/2300NCP.html
-->6a9ad8cc6a1caec6ab2513c27c8fb961.uss:::http://www.rgbprojectorlamps.com/projectorlamp/Dell/310-4523.html:::http://www.rgbprojectorlamps.com/projectorlamp/Dell/310-4523.html
-->8ae9c281e7ed97087891ee4c416c4e56.uss:::http://www.rockingchairs-by-mercantila.com/a/13167907:::http://www.rockingchairs-by-mercantila.com/c/redirect?moveon=%2Fp%2Fpawleys-island-hammock-style-single-polyester--rope-sling-rocker-rocking-chair%3Futm_source%3DNexTag%26utm_medium%3DShopbots%26utm_term%3Dwww.rockingchairs-by-mercantila.com%26utm_campaign%3D13167907__pawleys_island_hammock_style_single_polyester__rope_sling_rocker_rocking_chair&server=www.rockingchairs-by-mercantila.com
-->462171d353921da7d4ad0d7dd4ca4e15.uss:::http://www.rohltogo.com/rohl-1055-8stn-shower-heads-satin-nickel.html:::http://www.rohltogo.com/rohl-1055-8stn-shower-heads-satin-nickel.html
-->4d9f511b604713dbf50b262eba37517f.uss:::http://www.routerswholesale.com/index.php?main_page=product_info&cPath=8_19&products_id=72:::http://www.routerswholesale.com/index.php?main_page=product_info&cPath=8_19&products_id=72
-->5c13bddbeef2992fe1b6bbbd2ec8ad9b.uss:::http://www.safeandsecurebaby.com/product.php?productid=83:::http://www.safeandsecurebaby.com/product.php?productid=83
-->7cc489bed67ab5afc67265392c3eb834.uss:::http://www.saveheredigital.com/search.asp?searchq=sr47:::http://www.saveheredigital.com/search.asp?searchq=sr47
-->c13918f76e14bdccafaf5e3f3113a98e.uss:::http://www.secondact.com/product/32PFL3403D?zmam=90031077&zmas=42&zmac=328&zmap=32PFL3403D:::http://www.secondact.com/product/32PFL3403D?zmam=90031077&zmas=42&zmac=328&zmap=32PFL3403D
-->0b5cd03ddc9e12f6df6c571c09b793ed.uss:::http://www.sensoryedge.com/truckfloormat.html:::http://www.sensoryedge.com/truckfloormat.html
-->fd464d32433ae1ee05b87ef9deece265.uss:::http://www.sextoysmadness.com/Product-Aneros-Maximus_40525.aspx:::http://www.sextoysmadness.com/Product-Aneros-Maximus_40525.aspx
-->f84e7d262b95b3a8b060c6f49a661f94.uss:::http://www.shampoofashion.com/index.php?main_page=product_info&products_id=2297:::http://www.shampoofashion.com/index.php?main_page=product_info&products_id=2297
-->ac10ab2049094f8f704b035762ca7d49.uss:::http://www.qualitylogoproducts.com/office-items/eclipse-steno-portfolio.htm:::http://www.qualitylogoproducts.com/office-items/eclipse-steno-portfolio.htm
-->3620ab9378baec93965043436d8faf37.uss:::http://www.qualitystorefixtures.com/Quality-Store-Fixture-Deluxe-30-Professional/M/B0032XX5AO.htm:::http://www.qualitystorefixtures.com/B0032XX5AO/M/B0032XX5AO.htm
-->81dff84573de0eeab47e06a1eb36e287.uss:::http://store.rawnatureboy.com/ProductDetails.asp?ProductCode=MPRC8O&click=71:::http://store.rawnatureboy.com/ProductDetails.asp?ProductCode=MPRC8O&click=71
-->6d5e7affa7c621fa5c8fd40ce1c2e5df.uss:::http://store.richspsxparts.com/xb360laforbe.html:::http://store.richspsxparts.com/xb360laforbe.html
-->5e19fd9685640a973a0720c619720706.uss:::http://www.rima.com/Merchant2/merchant.mv?Screen=PROD&Store_Code=R&Product_Code=1160&Category_Code=TAIYOYUDEN:::http://www.rima.com/Merchant2/merchant.mv?Screen=PROD&Store_Code=R&Product_Code=1160&Category_Code=TAIYOYUDEN
-->cdc7e659e9fe054b93174c9be9ee5fbc.uss:::http://www.rosencentre.com:::http://www.rosencentre.com
-->0f62f3e7b3f82660108f5e901cbcbac2.uss:::http://www.runningwarehouse.com/descpageMRS-SXTWIN.html:::http://www.runningwarehouse.com/descpageMRS-SXTWIN.html
-->bca14264681e62e204ca57ebaff0e0df.uss:::http://www.saltysupply.com/ProductDetails.asp?ProductCode=AP7413:::http://www.saltysupply.com/ProductDetails.asp?ProductCode=AP7413
-->831114384b22b19aba953ef06818d1b9.uss:::http://s7d1.scene7.com/is/image/Global/135-0206_av1:::http://s7d1.scene7.com/is/image/Global/135-0206_av1
-->28703899ff5459515518590e3df693e7.uss:::http://www.sdtrucksprings.com/index.php?main_page=product_info&products_id=160&currency=USD:::http://www.sdtrucksprings.com/index.php?main_page=product_info&products_id=160&currency=USD
-->af2f9ca20a9024a7466539968b0f393f.uss:::http://seasondreams.com/store/cart.php?m=product_detail&p=18:::http://seasondreams.com/store/cart.php
-->c69d18d60dd58ea1cae1f02eebcacc79.uss:::http://www.servermonkey.com/products/Dell-PowerEdge-2950.html:::http://www.servermonkey.com/products/Dell-PowerEdge-2950.html
-->5e583ebca8a749a5410e088d400098ef.uss:::http://store.puppetu.com/products/Folkmanis-Alligator-Hand-Puppet.html:::http://store.puppetu.com/products/Folkmanis-Alligator-Hand-Puppet.html
-->2052382da151f85f9f3028e95299191c.uss:::http://www.qualityprescriptiondrugs.com/pricedetail.aspx?drugname=Ampicillin&affiliate=1167:::http://www.qualityprescriptiondrugs.com/pricedetail.aspx?drugname=Ampicillin&affiliate=1167
-->e063d41aa41b644905bca37894e5bea7.uss:::http://www.qualityvanities.com/Catalog.asp?ItemID=4179:::http://www.qualityvanities.com/Catalog.asp?ItemID=4179
-->c438b249349f6e8697a23b83cd8f0868.uss:::http://www.RealHog.com/detail.cfm?Category_ID=72&manufacturer_ID=401&product_ID=23034&sblid_name=Icon_Timax___Leather_Jacket:::http://www.RealHog.com/detail.cfm?Category_ID=72&manufacturer_ID=401&product_ID=23034&sblid_name=Icon_Timax___Leather_Jacket
-->8f6102a3be88ce0149fc798c0af0cb8b.uss:::http://shopping.rejoynmedical.com/products/Adapter-Bushings.html:::http://shopping.rejoynmedical.com/products/Adapter-Bushings.html
-->2633f9e36dbfad71b40578a04759b563.uss:::http://www.repeaterstore.com/products/repeaterkits/wilson/40db-vehicle-801201.html:::http://www.repeaterstore.com/products/repeaterkits/wilson/40db-vehicle-801201.html
-->3cfdcd8453d66b052eb48df035ac6eac.uss:::http://www.rinxwatches.com/casio-daily-alarm-digital-womens-watch-la670wa-1.html?gdftrk=gdfV21422_a_7c1018_a_7c4334_a_7cLA670WA+1:::http://www.rinxwatches.com/casio-daily-alarm-digital-womens-watch-la670wa-1.html?gdftrk=gdfV21422_a_7c1018_a_7c4334_a_7cLA670WA+1
-->3bb347e46a42f6ed8e2dd01a09162beb.uss:::http://www.riverbum.com/Simms-Rivershed-Wading-Boot-Vibram-Streamtread-Sole/:::http://www.riverbum.com/Simms-Rivershed-Wading-Boot-Vibram-Streamtread-Sole/
-->c9e5b9472a184ff823d84649d8baaa60.uss:::http://www.roguehydro.com/go-box/:::http://www.roguehydro.com/go-box/
-->f7fed5c8db1936980b6b79773419855b.uss:::http://www.runningexpo.com/cart.php?m=product_detail&amp=&p=263:::http://www.runningexpo.com/cart.php?m=product_detail&amp=&p=263
-->7ddd21102d22f410cc3eedfb3a348cd9.uss:::http://www.samys.com/index/page/product/product_id/6590/product_name/Stylus+Pro+9880%2C+44%22+Wide+8-Color+UltraChrome+K3+Printer:::http://www.samys.com/index/page/product/product_id/6590/product_name/Stylus+Pro+9880%2C+44%22+Wide+8-Color+UltraChrome+K3+Printer
-->f5b790e7761d10622c170d35a5ddd213.uss:::http://sewelldirect.com/gefen-ext-aud-14816-audio-da.asp:::http://sewelldirect.com/gefen-ext-aud-14816-audio-da.asp
-->934913a1c0ef25aadea562d620dcdd13.uss:::http://www.qeshop.com/qeshopProducts.aspx?sku=4618:::http://www.qeshop.com/qeshopProducts.aspx?sku=4618
-->0101d417464c18ec941405767be94bfe.uss:::http://www.respromedical.com/Mueller-Adjustable-Plantar-Fasciitis-Foot-Brace-Support-Black_p_80.html?gdftrk=gdfV24322_a_7c1585_a_7c5200_a_7cRES6607:::http://www.respromedical.com/Mueller-Adjustable-Plantar-Fasciitis-Foot-Brace-Support-Black_p_80.html?gdftrk=gdfV24322_a_7c1585_a_7c5200_a_7cRES6607
-->8f9d787f24e06894d53a66310aa4c4b1.uss:::http://www.ristenbatt.com/ho/Hoover/Products/Hoover_Wet_Dry_Vac_Cartridge_Filter_43611009.mv:::http://www.ristenbatt.com/ho/Hoover/Products/Hoover_Wet_Dry_Vac_Cartridge_Filter_43611009.mv
-->37ee7b7ab9354b1fe138babac8134ddf.uss:::http://www.robobargains.com/p-pnr2518.html:::http://www.robobargains.com/p-pnr2518.html
-->defde8d60cf658f314866df617b533b1.uss:::http://scrubezz-scrubbs.com/twotone-solid-w-chambray-light-weight-denim-female-scrubs-set-p-15.html?currency=USD:::http://scrubezz-scrubbs.com/index.php?main_page=product_info&products_id=15
-->53a13b081d78ef9718fef67496ecb88e.uss:::http://www.sebago.com/US/en-us/Product.mvc.aspx/8811M/11640?CID=CSE-Seba2-10:::http://www.sebago.com/US/en-us/Product.mvc.aspx/8811M/11640?CID=CSE-Seba2-10
-->1f906981fa6c37f3448eae20414bd345.uss:::http://www.shadesemporium.com/product.aspx?productid=8206&productname=dolce_&_gabbana=&productmodel=dg2092:::http://www.shadesemporium.com/product.aspx?productid=8206&productname=dolce_&_gabbana=&productmodel=dg2092
-->8960b441f671bd5732d2e60bf272cea2.uss:::http://www.rackmounts.com/asp/show_detail.asp?sku=MC1751&refid=XT105-MC1751:::http://www.rackmounts.com?refid=XT105%2DMC1751
-->da93727459e5616db1991bedce4835f8.uss:::http://www.relaxtheback.com/back-a-traction-inversion-table.html:::http://www.relaxtheback.com/back-a-traction-inversion-table.html
-->5e7b6c52e7bceea9c2078a3d764f318b.uss:::http://www.rockbottomsunglasses.com/oakley-golf-mens-scalpel-sunglasses.html:::http://www.rockbottomsunglasses.com/oakley-golf-mens-scalpel-sunglasses.html
-->c124f4709ae3cbc9b35171d2126138e6.uss:::http://www.rollatordeals.com/Drive_Medical_Go_Lite_HD/p/199/c/50/?tar=199:::http://www.spinlife.com/category.cfm?categoryID=77
-->60bee789ad912ff445ba42cd219f1f19.uss:::http://www.rvvacationnation.com/products/Xantrex-%252d-X-Power-3000%252b.html:::http://www.rvvacationnation.com/xantrex-x-power-3000/
-->a71b7675606ff8a2721e57ba844bffcd.uss:::http://www.radisson.com/phoenixaz_citycenter:::http://www.radisson.com/phoenix-hotel-az-85013/azphocty
-->12b3025337d74e1c42a1f8b96705cfd2.uss:::http://www.reebok.com/US/product?modelId=359_MV002&articleId=J20636:::http://shop.reebok.com/US/product?modelId=359_MV002&articleId=J20636
-->53bded29f07eb4776f07f5b6e51c1a81.uss:::http://www.saitekinc.com/index.php?cPath=121:::http://www.saitekinc.com/index.php?cPath=121
-->eb0be5f92b6d77d04ae8feb17099af4d.uss:::http://www.securebaby.com/sbdapt.html:::http://www.securebaby.com/?f
-->954634f4807c4a20a8f502e08db023cc.uss:::http://www.realtruck.com/westin_sportsman_grille_guards/R141649P1095C1T.html?gad=CNWRq7wCEggOfpqtXVaiARitqKv_AyCJ848S:::http://www.realtruck.com/westin-sportsman-grille-guards/?gad=CNWRq7wCEggOfpqtXVaiARitqKv_AyCJ848S
-->f6ef053291a06fd583ac11d440f51616.uss:::http://www.seatingbargains.com/asp/superbrowse.asp?clid=10&caid=&sku=HMP1170&refid=XT340-HMP1170:::http://www.seatingbargains.com/asp/superbrowse.asp?clid=10&caid=&sku=HMP1170&refid=XT340-HMP1170
-->7590e7ef439687a88574e30c110edbd4.uss:::http://www.securitysellers.com/Greenlee-Textron-CS-8000-Circuit-Seeker-Tracer.html:::http://www.securitysellers.com/Greenlee-Textron-CS-8000-Circuit-Seeker-Tracer.html
-->611ef30e522e2141a39405d0f97e7749.uss:::http://gifts.redenvelope.com/productdetail.aspx?cobrand=RED&pid=30003097&ssid=4&PRID=SRCHribbonlad:::http://gifts.redenvelope.com/productdetail.aspx?cobrand=RED&pid=30003097&ssid=4&PRID=SRCHribbonlad
-->5f96d385233b6c1058db43c967280110.uss:::http://www.quick2you.com/store/index.cfm?frm=details&piid=63:::http://www.quick2you.com/store/index.cfm
-->019c69a0ab1fce69e1c2c430df19bb79.uss:::http://www.roomsandthings.com/Max-Chamois-Swivel-Rocker-Recliner-Signature-Design-9650028-p-100966.html:::http://www.roomsandthings.com/Max-Chamois-Swivel-Rocker-Recliner-Signature-Design-9650028-p-100966.html
-->33135338992d26d2c86ef7985df2f754.uss:::http://www.saviolight.com/ProductDetails.asp?ProductCode=EL-42005-1:::http://www.saviolighting.com/ProductDetails.asp?ProductCode=EL-42005-1
-->c584bbbe3aeeca27e4305b8bcf6d40e6.uss:::https://www.sanssoucie.com/pantry-door-designer/?sl=1&pt=263&gt=413&q=392&w=246&h=243&gsw=15.5&gsh=66.75&dt=227&wt=252&o=69:::https://www.sanssoucie.com/pantry-door-designer/
-->969b275e92542adf843b7bc16959d3b9.uss:::https://www.scrapbookpal.com/online_store/product_detail.php?pid=110&rid=035:::https://www.scrapbookpal.com/online_store/product_detail.php?pid=110&rid=035
-->3f7c9264001b1b56b3689dcadc72b69c.uss:::http://sanwork.com/product_info.php?products_id=538&language=1&afsrc=1:::http://sanwork.com/-p-538.html?afsrc=1&language=1
-->c045ff0d97a551b13660e31aee771ed7.uss:::http://www.sfplanet.com/c=fxHHZ59GPm0ur1qsVEPMT6j2i/product/TB-550/Turbo-Charge-TB550-Portable-Cell-Phone-Charger-for-Motorola-BlackBerry-Sony-Ericsson-HTC-Samsung-with-Bonus-Flashlight.html:::http://www.sfplanet.com/c=fxHHZ59GPm0ur1qsVEPMT6j2i/product/TB-550/Turbo-Charge-TB550-Portable-Cell-Phone-Charger-for-Motorola-BlackBerry-Sony-Ericsson-HTC-Samsung-with-Bonus-Flashlight.html
-->529c15e7a9013006c6be951ec3d3b7af.uss:::http://www.RideGear.com/detail.cfm?Category_ID=72&manufacturer_ID=401&product_ID=23034&sblid_name=Icon_Timax___Leather_Jacket:::http://www.cruisercustomizing.com/icon-timax-2-leather-jacket/part/ICON-TIMAX2-JACKET
-->3c6b48bd4d676a438328c60b1a62c20a.uss:::http://www.Sedationkit.com/AED_s_Defibrillators-ZOLL_AED_PLUS.html:::http://www.Sedationkit.com/AED_s_Defibrillators-ZOLL_AED_PLUS.html
-->ed3926e46b182b9a44d8b1cd37a09417.uss:::http://www.serversandparts.com/serversandparts/details.asp?item=MBD-H8DAE-2:::http://www.serversandparts.com/serversandparts/general_error.asp?general_error=Product+not+Found
-->7a9d06b26a4033466cff0add103eef3f.uss:::http://www.roomitup.com/SoHo-Swirl-Messenger-Bag?gdftrk=gdfV21348_a_7c594_a_7c1927_a_7c852112015324:::http://www.allforcolor.com/SoHo-Swirl-Messenger-Bag?gdftrk=gdfV21348_a_7c594_a_7c1927_a_7c852112015324
-->90492e76688f9816b03bc31b5e9ea97d.uss:::http://www.sailingproshop.com/Products/Henri-Lloyd-Ventura-Jacket__Y00200.aspx?gdftrk=gdfV21869_a_7c236_a_7c673_a_7cY00200:::http://www.sailingproshop.com/Products/Henri-Lloyd-Ventura-Jacket__Y00200.aspx?gdftrk=gdfV21869_a_7c236_a_7c673_a_7cY00200
-->564165d381661c609de6e1d250e29491.uss:::http://www.sarahsuniverse.com/kenneth-cole-stainless-steel-men-s-watch-kc2492.html:::http://www.sarahsuniverse.com/kenneth-cole-stainless-steel-men-s-watch-kc2492.html
-->e63eb42a6eab9e1e619ec87d8a8efcb0.uss:::http://www.scales-n-tools.com/m1_export_tracker.php?main_page=product_info&products_id=472&cPath=8:::http://www.scales-n-tools.com/index.php?main_page=product_info&products_id=472&cPath=8
-->2bd9d07143401c5905c897ef6094e543.uss:::http://www.roboticstoys.com/BOE-bot-full-robot-kit.aspx?gdftrk=gdfV21462_a_7c1059_a_7c4388_a_7c5379:::http://www.trossenrobotics.com/
-->04192fb4ee545d0db80b00ce2f891a37.uss:::http://virginiaeyedr.com/shopzilla/extreme59.html:::http://virginiaeyedr.com/shopzilla/extreme59.html
-->67385d94a28f7fe3aff8c41147b86769.uss:::http://shop.vodaplex.com/zencart/m1_export_tracker.php?main_page=product_info&products_id=105&cPath=7:::http://shop.vodaplex.com/zencart/m1_export_tracker.php?main_page=product_info&products_id=105&cPath=7
-->b2cda4b706c633e1a14cf30157d1d2b6.uss:::http://www.von1.com/shopping/secondLevel.php?auth=kxwchhWPSBeeSe4O1iEGck0h8rJUj60YKPMnh4gfCyE%3D:::http://www.von1.com/shopping/secondLevel.php?auth=kxwchhWPSBeeSe4O1iEGck0h8rJUj60YKPMnh4gfCyE%3D
-->df8f8e85caa6976c949701cc4dfe028c.uss:::http://www.waterskiworld.com/waterproof_cases/see_it_safe/see_it_safe.html:::http://www.waterskiworld.com/waterproof_cases/see_it_safe/see_it_safe.html
-->5a8a10f59cc7b89f2a8b9510e38e8c90.uss:::http://www.whatareyoulooking4store.com/products/nokia-5200-red-triband-gsm-cellular-phone-unlocked-3SFZ7.html:::http://www.whatareyoulooking4store.com/products/nokia-5200-red-triband-gsm-cellular-phone-unlocked-3SFZ7.html
-->88877529e9ad8257802064d8b6eda0d7.uss:::http://www.wholesaleconnection.com/productDetails.aspx?Product=3136:::http://www.wholesaleconnection.com/productDetails.aspx?Product=3136
-->8e30c6d65646fc4e324d7b18544cb1fb.uss:::http://www.tactics.com/burton/supermodel-snowboard?src=nxtg:::http://www.tactics.com/burton
-->ac741d297d331b4266974e60ad62287d.uss:::http://www.valsmoke.com/ego-t-atomizer/:::http://www.valsmoke.com/ego-t-atomizer/
-->c9133cd9c37042439516f65819f341c1.uss:::http://www.viacristalina.com/index.php?main_page=product_info&products_id=1204:::http://www.viacristalina.com/index.php?main_page=product_info&products_id=1204
-->a1bc84703ec382caf2d8668dbac4598e.uss:::http://videogameaction.com/http://www.videogameaction.com/drdgdrmiwh7w.html:::http://videogameaction.com/http://www.videogameaction.com/drdgdrmiwh7w.html
-->8fa648e279dfa53b7ff1241e00e7b5aa.uss:::http://www.vittitow.com/product_info.php?products_id=728:::http://www.vittitow.com/product_info.php?products_id=728
-->13a3811a79b00749b0641206524c9cb3.uss:::http://www.WagonDepot.com/ProductDetails.asp?ProductCode=RF-40&click=44280:::http://www.WagonDepot.com/ProductDetails.asp?ProductCode=RF-40&click=44280
-->5f0b69720cfd930564da9c8159494065.uss:::http://www.weather-instrument-superstore.com/a/138392:::http://www.weather-instrument-superstore.com/c/redirect?moveon=%2Fp%2Fkestrel-1000-pocket-wind-meter-weather-instrument%3Futm_source%3DNexTag%26utm_medium%3DShopbots%26utm_term%3Dwww.weather-instrument-superstore.com%26utm_campaign%3D138392__1000%2BPocket%2BWind%2BMeter&server=www.weather-instrument-superstore.com
-->e5a1b1b0c04e8e0f605a131df0c884b8.uss:::http://www.westcoastdrums.com/rorhsthe1.html:::http://www.westcoastdrums.com/rorhsthe1.html
-->010e2f2272627baa901b2bb77c9fc02c.uss:::http://www.wheelchairsonsale.com/Sunrise_Medical_Breezy_Ultra_4/p/256/c/41/:::http://www.wheelchairsonsale.com/Sunrise_Medical_Breezy_Ultra_4/p/256/c/41/
-->58eae0466e21b8ddf1da93315a4c70c5.uss:::http://www.wholesalefavors.com/p-P-121S.html:::http://www.wholesalefavors.com/p-P-121S.html
-->2b138c409db6689cc20debc858588227.uss:::http://VACUUMSCANISTER.COM/eurekavacuumbelt61110astylerextendedlifebelt.aspx:::http://VACUUMSCANISTER.COM/eurekavacuumbelt61110astylerextendedlifebelt.aspx
-->ea2e0c66fe0df39d5d857c9328cfe548.uss:::http://vapor-systems.com/products/ladybug-2150.html:::http://vapor-systems.com/products/ladybug-2150.html
-->a23632228b2573c8cb34e2a70ac7abca.uss:::http://www.victorianshop4u.com/product/ALUR1/Aluratek-AHDVC03F-CINECAM-HD-1080p-DV-Camcorder.html?metacpg=ALUR1:::http://www.victorianshop4u.com/product/ALUR1/Aluratek-AHDVC03F-CINECAM-HD-1080p-DV-Camcorder.html?metacpg=ALUR1
-->3b8058086c6106801acf0a0c011b3a66.uss:::http://www.vitaminmegashop.com/product.php?productid=19410:::http://www.vitaminmegashop.com/product.php?productid=19410
-->2ec8e9f041405f94fe31ce9326030599.uss:::http://www.waterfilter-usa.com/trojan-uv-max-c4-d4-d4-plus-replacement-lamp-p-342.html:::http://www.waterfilter-usa.com/trojan-uv-max-c4-d4-d4-plus-replacement-lamp-p-342.html
-->707bb70ddb72bff802ffb5a8f5edd4c7.uss:::http://www.wholesale-business-telephones.com/pakx4incotes.html:::http://www.wholesale-business-telephones.com/pakx4incotes.html
-->c2761995c6505d1c8cb67316b8aa5e06.uss:::http://www.WineAccessory.com/CellarPro.html:::http://www.WineAccessory.com/CellarPro.html
-->6c82ad655f925b377f2dec4d58f66b9a.uss:::http://www.wineexpress.com/templates/soldoutitem.asp?productID=26256&uid=39D39ADE-A005-4A23-A71A-412E609395DB:::http://www.wineexpress.com/templates/soldoutitem.asp?productID=26256&uid=39D39ADE-A005-4A23-A71A-412E609395DB
-->94b291b91f7754a530d97da6f18d61cc.uss:::http://www.valleynaturals.com/ct_detail.html?pgguid=D68FE48D-1CDD-4C9F-9492-9E7657EC3FA6&item=51413&ccd=INT004:::http://www.valleynaturals.com/ct_detail.html?pgguid=D68FE48D-1CDD-4C9F-9492-9E7657EC3FA6&item=51413&ccd=INT004
-->f50e324901d572d115191820ec3f7288.uss:::http://www.varietycoffee.com/pupalinhasad.html:::http://www.varietycoffee.com/pupalinhasad.html
-->b4c8764ca0ee09395d53713a7e434669.uss:::http://www.vaxa.com/special-b-slender.cfm:::http://www.vaxa.com/special-b-slender.cfm
-->23118d449f48bf88eb9d59f604d2af85.uss:::http://www.vetapprovedrx.com/shop.asp?category_id=&item_id=95:::http://www.vetapprovedrx.com/shop.asp?category_id=&item_id=95
-->a67518dc4e19db6d7752bdd95352d6ff.uss:::http://www.walletbe.com/mm5/merchant.mvc?Screen=PROD&Product_Code=9AZWLCR&Category_Code=CAW&Store_Code=W:::http://www.walletbe.com/mm5/merchant.mvc?Screen=PROD&Product_Code=9AZWLCR&Category_Code=CAW&Store_Code=W
-->5c669931bcc7ba5fe9293a590d81c5c1.uss:::http://www.weatherpeddler.com/Merchant2/merchant.mvc?Screen=PROD&Store_Code=Peddler&Product_Code=WS-2010-15:::http://www.weatherpeddler.com/Merchant2/merchant.mvc?Screen=PROD&Store_Code=Peddler&Product_Code=WS-2010-15
-->40b3271af3d875f56467272902745957.uss:::http://www.wellsasa.com/index.php/instant-slim-pill-target-belly-fat.html:::http://www.wellsasa.com/index.php/instant-slim-pill-target-belly-fat.html
-->6d2fcc3b79819445e9a93bb5d5ab4b63.uss:::http://www.westfurnishings.com/homestyles-cart-5086-95.html:::http://www.westfurnishings.com/homestyles-cart-5086-95.html
-->8bd9942e569c9e67e24084958918abdc.uss:::http://www.wetsandsurfshop.com/product.asp?itemid=1395:::http://www.wetsandsurfshop.com/Quiksilver-Bushmaster-Hat_p_1395.html
-->69b2e805a059e43fac63c07c53a3ff8a.uss:::http://www.winebasket.com/prodinfo.asp?number=798:::http://www.winebasket.com/prodinfo.asp?number=798
-->339e3f7c718f9c4b4f5bce1d52907bc5.uss:::http://www.wisconsinmade.com/gift-ideas/fall-harvests-pumpkin-patch-photograph-4308.aspx:::http://www.wisconsinmade.com/gift-ideas/fall-harvests-pumpkin-patch-photograph-4308.aspx
-->86c50653a302c0322a14fc55a56cc4ed.uss:::http://www.usoutdoor.com/the-north-face/the-north-face-base-camp-messenger-bag-all-sizes--colors/:::http://www.usoutdoor.com/the-north-face/the-north-face-base-camp-messenger-bag-all-sizes--colors/
-->a6a333beac72e52d0d3ceff19fcaa1b5.uss:::http://www.ustoy.com/cgi-bin/u.sh/2.0/product.htm?pf_id=7820:::http://www.ustoy.com/cgi-bin/u.sh/2.0/product.htm?pf_id=7820
-->4afbea1f080975475fe47617c7482166.uss:::http://WWW.VITAMINWAGON.COM/superiorreds.aspx:::http://WWW.VITAMINWAGON.COM/superiorreds.aspx
-->7a8a0fb8e3e9ef7b8a0cc13af4128b75.uss:::http://www.webpoolsupply.com/hayward-swimclear-c-4025-replacement-cartridge-filter-element/:::http://www.webpoolsupply.com/hayward-swimclear-c-4025-replacement-cartridge-filter-element/
-->aee87dad29a5c18303770512d6c0526c.uss:::http://www.willoughbys.com/Pentax-Optio-H90-12.1-MP-Digital/M/B0035LBMA8.htm:::http://www.willoughbys.com/B0035LBMA8/M/B0035LBMA8.htm
-->40943b8d663f344c53de07edeb784713.uss:::http://www.windycityparrot.com/Mahogany-Wood-Cage-AE-Bentley-discount.html?gdftrk=gdfV23504_a_7c1354_a_7c4265_a_7c19301061061:::http://www.windycityparrot.com/Mahogany-Wood-Cage-AE-Bentley-discount.html?gdftrk=gdfV23504_a_7c1354_a_7c4265_a_7c19301061061
-->51da80b42f9ebfc6cfcc3a763ffca304.uss:::http://www.winechateau.com/sku13233_CAPTAIN-MORGAN-RUM-PRIVATE-STOCK-750ML:::http://www.winechateau.com/sku13233_CAPTAIN-MORGAN-RUM-PRIVATE-STOCK-750ML
-->6528b82780081edf0704475f9b961a90.uss:::http://www.wizardofmath.com/FX115MSPLUS/CalculatorsCasioTexas_InstrumentsSharpCanon_Select_Scientific_Calculator_Products__Casio_Scientific_Calculator.html?sid=71d732c4863aa3dccee383fc5f472c4d:::http://wizardofmath.com/pageNotFound.htm
-->c585ebe086b61afa57db6687fc293e1d.uss:::http://www.vintagecellars.com/productview.asp?productsid=1742&prodcategoryid=149:::http://www.vintagecellars.com/productview.asp?productsid=1742&prodcategoryid=149
-->67ca0c28186007c0f6d0864d3f29aff9.uss:::http://www.winterscomfort.com/index.asp?PageAction=VIEWPROD&ProdID=34&zmam=5742798&zmas=1&zmac=4&zmap=DG1:::http://winterscomfort.com/dryguy-bootglovedryer-freeshipping.aspx
-->a6a98b8a4c8fbcba6271e497c92ce3a9.uss:::http://www.valuemags.com/vmtrack/vmpartner.asp?affid=19&url=%2Fhome%2Fdetails.asp%3FMagID%3D533&zmam=86451217&zmas=579&zmac=65&zmap=1058:::http://www.valuemags.com/magazine/discount-hoop-subscription.html
-->c7089f6696f142be3aab78cd2a5b1af8.uss:::http://www.vetamerica.com/index.asp?Category=27&PageAction=VIEWPROD&ProdID=157:::http://vetamerica.com/chondro-flex-180-chewables-tablets-from-vitality-systems.aspx
-->347d1e75cd2c7c3a6096438e1127188e.uss:::http://www.WaterHeaterDepot.com/steltewhhoel1.html:::http://www.waterheaterdepot.com/steltewhhoel1.html
-->5b058d84ed0e91ff84f5421279c08018.uss:::http://www.vanitytops-store.com/a/1606186:::http://www.vanitytops-store.com/c/redirect?moveon=%2Fp%2Famerican-standard-30-inch-newbern-vanity-top-sink%3Futm_source%3DNexTag%26utm_medium%3DShopbots%26utm_term%3Dwww.vanitytops-store.com%26utm_campaign%3D1606186__30%2Binch%2BNewbern&server=www.vanitytops-store.com
-->838620b7afa3d72785eb20fc2a9cb127.uss:::http://www.vidalspets.com/epages/vidalspets.sf/en_US/?ObjectPath=%2FShops%2Fvidalspets%2FCategories%2FFlea%2F%22Advantage+Cats%22:::http://www.vidalspets.com/epages/vidalspets.sf/en_US/?ObjectPath=%2FShops%2Fvidalspets%2FCategories%2FFlea%2F%22Advantage+Cats%22
-->e99eecfe91cb0d076eb240c0f4fb1c96.uss:::http://www.vacuumcleaners-store.com/a/2305809:::http://www.vacuumcleaners-store.com/c/redirect?moveon=%2Fp%2Fthermax-cp-5-commercial-carpet-canister-vacuum-cleaner%3Futm_source%3DNexTag%26utm_medium%3DShopbots%26utm_term%3Dwww.vacuumcleaners-store.com%26utm_campaign%3D2305809__CP_5%2BCommercial%2BCarpet%2BHot%2BWater%2BExtractor&server=www.vacuumcleaners-store.com
-->8fe5324fd42fc893a147a5430c1d6b84.uss:::http://webdealzone.com/product/5126_m/166_/JiSS-550_Docking_Speaker_Station_for_iPod'_762825126M.html:::http://www.webdealzone.com/product/5126_m/166_/JiSS-550_Docking_Speaker_Station_for_iPod'_762825126M.html
-->cf0585459c425efb4904e781989500f1.uss:::http://www.whateversports.com/store/product.php?productid=21623:::http://www.whateversports.com/product.php
-->a8918220ce879de4ea488ff4079ed65f.uss:::http://www.wegotsoccer.com/itemdesc.asp?ic=00G02433:::http://www.wegotsoccer.com/
-->e3157b6f68e8fe2eec72d4102a7ebe14.uss:::http://www.vitacart.com/vitacart/myelin-sheath-support-formula-planetary.html:::http://www.vitacart.com/myelin-sheath-support-formula-planetary.html
-->7e3ce4192cfc35139e701aeefe0f45ae.uss:::http://store.vmware.com/store/vmware/DisplayProductDetailsPage/ProductID.165310200/Currency.USD:::http://store.vmware.com/store/vmware/DisplayProductDetailsPage/ProductID.165310200/Currency.USD?resid=Tw3lZwoBAlUAACnRkGIAAAAR&rests=1326310751046
-->2c31e620c5de261925d528c8722217f0.uss:::http://www.vitacremeb12-usa.com/VitacremeB12-Introductory-Price_p_0-32.html#:::http://www.anu-skin.net/Obagi-Nu-Derm-Eye-Cream_p_32.html
-->f04e6b7d0f9e55ccd659ecb53cc6a6ee.uss:::http://www.valleyfinewines.com/product.asp?itemid=1643:::http://www.valleyfinewines.com/The-Prisoner-2010--750mL--Red-Wine_p_1643.html
-->07817536ae5124bbe9f2662b419017c0.uss:::http://www.victoriasbridalcouture.com/catalog_i8142209.html:::http://www.victoriasbridalcouture.com/catalog_i8142209.html
-->b0a156479bde4bfec3193b81a7463491.uss:::http://www.usoutdoorstore.com/outlet/giro-g10-ski-helmet.html:::http://www.usoutdoor.com/ski-helmets/
-->fa85ee2fed9cfcb423de0c56fd74d49f.uss:::http://www.VQVGroup.com/ProductDetails.asp?ProductCode=7706B&click=71:::http://www.vqvgroup.com/Mayline-Wood-Drawing-Drafting-Table-7706B-p/7706b.htm?click=71
-->a78e72bf1d2efef61599d38555a4d2ca.uss:::http://store.voyagergear.com/yhst-81472285259013/ta17bldenoca.html:::http://store.voyagergear.com/yhst-81472285259013/ta17bldenoca.html
-->f8e8f5f654d9a805d3f9f811541a8cb5.uss:::http://www.waterpumpsdirect.com/Wayne-VIP25/p3878.html:::http://www.waterpumpsdirect.com/Wayne-VIP25-Water-Pump/p3878.html
-->a1902c403af9cd3c4a98cd0e7f33f39f.uss:::http://www.waterford.com/shop/product.asp?sku=2796&ad=:::http://na.wwrd.com/ae/us/wwrd/waterford/icat/waterford/?utm_source=waterford.com&utm_medium=direct&utm_campaign=SEO-Service(Default)
-->3c08d595f75179b66b8dd5adaf5e761c.uss:::http://www.videorockers.com/asp/show_detail.asp?sku=EL2192&PiID=1689488&refid=XT158-EL2192_1689488:::http://www.gamechairs.com/default.asp?refid=DNS3905
-->3eefa05d280feb7548994902abff2a97.uss:::http://www.vacuumcleanersetc.com/vacuumcleanerbacgs/hoovcarfilpa.html:::http://www.govacuum.com/7356-Hoover-Cartridge-Filter-Part-43611009.aspx
